Box Size = {5.00000e+03,5.00000e+03,5.00000e+03}
Grid = 8
Maximum Radius =  2e+02
Radius in Grid Units =  0.288
#
# WARNING: grid appears inefficiently coarse
#
Bins = 18
Order = 10
# Found 963076 particles from /mnt/store1/oliverphilcox/3PCF_QPM/QPM/qpm.ran.01
# Rescaling input positions by factor 1.000000
# Done reading the particles
# Range of x positions are -1758.69 to -107.53
# Range of y positions are -1621.31 to 1528.24
# Range of z positions are -108.29 to 1632.97
# Biggest range is 3149.55
# Setting non-periodic box-size to {1748.01,3496.03,1748.01}
# Multiplying all weights by -1
# Allocating 33.065 MB of particles
# Allocating  0.001 MB of cells

There are 92 filled cells compared with 128 total cells.
# Done gridding the particles
# 963076 particles in use, 963076 with positive weight
# Weights: Positive particles sum to 161058.670000
#          Negative particles sum to 0.000000
Average number of particles per grid cell =  1e+04
Average number of particles per max_radius ball = 2.2e+03
# Running on 40 threads.
# We counted  8556614492 pairs within 180.000000.
# Average of 8884.672126 pairs per primary particle.
# We expected 2202 pairs, off by 3885078.750000.
# Done counting the pairs
# Bin 0 counter for thread  0:     14799
# Bin 0 counter for thread  1:    309690
# Bin 0 counter for thread  2:     58891
# Bin 0 counter for thread  3:    198235
# Bin 0 counter for thread  4:    324037
# Bin 0 counter for thread  5:         0
# Bin 0 counter for thread  6:    237065
# Bin 0 counter for thread  7:         0
# Bin 0 counter for thread  8:    188636
# Bin 0 counter for thread  9:     46207
# Bin 0 counter for thread 10:     65288
# Bin 0 counter for thread 11:         0
# Bin 0 counter for thread 12:         0
# Bin 0 counter for thread 13:         0
# Bin 0 counter for thread 14:         0
# Bin 0 counter for thread 15:         0
# Bin 0 counter for thread 16:         0
# Bin 0 counter for thread 17:     60661
# Bin 0 counter for thread 18:         0
# Bin 0 counter for thread 19:     96008
# Bin 0 counter for thread 20:         0
# Bin 0 counter for thread 21:         0
# Bin 0 counter for thread 22:    102671
# Bin 0 counter for thread 23:         0
# Bin 0 counter for thread 24:         0
# Bin 0 counter for thread 25:         0
# Bin 0 counter for thread 26:         0
# Bin 0 counter for thread 27:         0
# Bin 0 counter for thread 28:         0
# Bin 0 counter for thread 29:         0
# Bin 0 counter for thread 30:         0
# Bin 0 counter for thread 31:         0
# Bin 0 counter for thread 32:         0
# Bin 0 counter for thread 33:         0
# Bin 0 counter for thread 34:         0
# Bin 0 counter for thread 35:         0
# Bin 0 counter for thread 36:         0
# Bin 0 counter for thread 37:         0
# Bin 0 counter for thread 38:         0
# Bin 0 counter for thread 39:         0

# Binned weighted pair counts, monopole and quadrupole
Pairs  0     37599        -1
Pairs  1    260369         9
Pairs  2    698505      -186
Pairs  3   1347115      -782
Pairs  4   2197804     -1546
Pairs  5   3244696     -2436
Pairs  6   4481214     -3404
Pairs  7   5895904     -4039
Pairs  8   7485336     -5150
Pairs  9   9240333     -5800
Pairs 10  11153438     -5606
Pairs 11  13215549     -6751
Pairs 12  15418721     -6660
Pairs 13  17756959     -8230
Pairs 14  20222154     -7172
Pairs 15  22799418     -7354
Pairs 16  25487518     -7526
Pairs 17  28279828     -5131

# Multipole power
Multipole Power  0   1702188    237041
 0  0  1.621264e+04  4.476273e-01  4.470309e-01  4.470186e-01  4.469319e-01  4.466858e-01  4.462935e-01  4.464804e-01  4.463783e-01  4.467788e-01  4.464315e-01
Multipole Power  1  11814822   1644918
 1  1  4.828651e+05  1.055538e-01  1.041385e-01  1.035806e-01  1.035217e-01  1.035602e-01  1.033871e-01  1.034800e-01  1.034757e-01  1.034570e-01  1.034883e-01
 1  0  6.235253e+04  1.718599e-03 -3.320174e-04 -1.868926e-04  1.162004e-04 -2.307895e-05  1.910403e-04 -4.183467e-05  1.559005e-04 -1.530788e-05  7.212062e-05
Multipole Power  2  31789344   4425008
 2  2  3.262472e+06  4.432834e-02  4.140879e-02  4.113028e-02  4.101946e-02  4.096679e-02  4.090345e-02  4.084747e-02  4.088609e-02  4.092289e-02  4.096387e-02
 2  1  1.163179e+06  2.462314e-03  3.321166e-04  2.190675e-04  1.174656e-04 -6.396331e-05 -3.655885e-05  1.858173e-05  5.324011e-05 -2.058862e-05 -2.597935e-05
 2  0  1.672744e+05  1.026071e-03  1.224469e-04 -1.165749e-05  1.426662e-05 -4.166284e-06  5.709156e-05 -2.652182e-05  1.583278e-05  3.283555e-05 -5.669015e-06
Multipole Power  3  61407658   8550973
 3  3  1.194202e+07  2.620318e-02  2.217069e-02  2.178483e-02  2.162475e-02  2.157699e-02  2.150339e-02  2.149780e-02  2.148596e-02  2.147045e-02  2.147030e-02
 3  2  6.044090e+06  3.930766e-03  5.364670e-04  1.577743e-04  1.081478e-04  5.467140e-05  3.279703e-05  3.058673e-05 -1.162982e-05 -2.052942e-05 -1.856113e-05
 3  1  2.245316e+06  2.658970e-03  1.396197e-04  3.413415e-05 -1.873006e-05  6.739408e-05  3.012572e-05  3.892431e-05  9.371693e-06  9.827346e-06 -1.328743e-05
 3  0  3.230378e+05  1.156356e-03  2.619090e-05 -5.229294e-05  5.043440e-05  2.580669e-05  1.874674e-05 -7.413797e-07 -4.865466e-06  3.987436e-05  7.676563e-06
Multipole Power  4 100341932  13980854
 4  4  3.164071e+07  1.951025e-02  1.399267e-02  1.353482e-02  1.335325e-02  1.328708e-02  1.324437e-02  1.322661e-02  1.321952e-02  1.320371e-02  1.318122e-02
 4  3  1.909557e+07  5.398649e-03  6.528177e-04  2.595806e-04  1.167443e-04  4.576533e-05  5.013306e-05  4.281542e-05  3.591949e-05  1.786994e-05  7.519803e-06
 4  2  9.871834e+06  4.024567e-03  3.728244e-04  1.057356e-04  3.854210e-06  1.010447e-05  1.057719e-05  5.343306e-06  1.919372e-05  1.585170e-05  1.780346e-05
 4  1  3.666218e+06  2.570363e-03  2.013836e-04  2.779140e-05 -8.361314e-06  2.855671e-06  5.806969e-07 -2.015839e-05 -5.292335e-06 -4.710929e-06  4.251362e-06
 4  0  5.277175e+05  1.293101e-03 -1.387344e-05  1.961121e-05  3.335496e-05  8.656161e-06 -8.275940e-05  7.276545e-07  4.505996e-05  1.086929e-05 -7.241867e-06
Multipole Power  5 148270012  20678675
 5  5  6.890988e+07  1.693781e-02  9.881106e-03  9.292184e-03  9.108642e-03  9.036644e-03  8.976900e-03  8.950020e-03  8.940248e-03  8.946269e-03  8.925746e-03
 5  4  4.616844e+07  7.056637e-03  8.011439e-04  3.013735e-04  1.707982e-04  9.130631e-05  3.945573e-05  3.002256e-05  2.877827e-05  2.486186e-05  3.410883e-05
 5  3  2.822107e+07  5.722792e-03  5.207422e-04  1.608023e-04  6.270967e-05  1.832612e-05 -1.791434e-05 -3.862513e-07  1.234903e-05  5.566392e-06 -2.817146e-06
 5  2  1.458632e+07  4.217050e-03  2.701212e-04  7.252155e-05  4.432769e-05 -2.280924e-06 -2.132981e-06 -4.840470e-06 -3.426837e-07 -3.411072e-06 -5.281790e-06
 5  1  5.416608e+06  2.624895e-03  8.402287e-05  4.270152e-05 -1.331271e-05 -1.052679e-05 -2.042306e-05 -1.413496e-05 -3.206987e-06  6.304204e-06 -1.170194e-06
 5  0  7.794837e+05  1.158466e-03 -2.222069e-05  1.278918e-06  3.119776e-05  3.906687e-05 -2.083797e-05 -2.668713e-05  2.690055e-05 -1.022742e-05  3.754170e-05
Multipole Power  6 204824062  28605380
 6  6  1.315465e+08  1.628532e-02  7.565574e-03  6.866151e-03  6.647569e-03  6.565501e-03  6.519611e-03  6.492290e-03  6.465963e-03  6.455360e-03  6.456531e-03
 6  5  9.445940e+07  8.852599e-03  9.780309e-04  3.594379e-04  1.693463e-04  1.074099e-04  6.354160e-05  3.790144e-05  1.540858e-05  2.406952e-05  2.254161e-05
 6  4  6.382719e+07  7.499890e-03  7.128982e-04  2.209401e-04  8.855366e-05  5.753312e-05  1.932239e-05  2.409961e-06 -3.109058e-06 -4.675358e-06 -5.584117e-06
 6  3  3.900729e+07  6.019689e-03  4.540161e-04  1.212393e-04  5.175788e-05  3.318394e-05  9.896647e-06  9.777588e-06 -8.446081e-06  1.742289e-06  6.148991e-06
 6  2  2.015752e+07  4.419405e-03  2.012546e-04  4.755131e-05  1.824272e-05  1.585895e-05 -1.347503e-06 -6.009594e-06  1.619710e-06 -4.948828e-06 -3.305799e-06
 6  1  7.485535e+06  2.759802e-03  2.811886e-05 -8.634029e-06  4.311933e-06 -7.426648e-06  1.048139e-05 -1.274325e-06  8.516973e-06  3.513590e-06  2.580874e-06
 6  0  1.077237e+06  1.337270e-03 -1.248542e-05 -4.204819e-05  1.923245e-05 -1.569954e-05  1.351726e-05 -3.681923e-06 -3.584622e-05 -2.200362e-05  1.547543e-05
Multipole Power  7 269582680  37706559
 7  7  2.281364e+08  1.666703e-02  6.198343e-03  5.348461e-03  5.103385e-03  5.009317e-03  4.956558e-03  4.934706e-03  4.916377e-03  4.895304e-03  4.882140e-03
 7  6  1.722259e+08  1.073913e-02  1.175441e-03  4.144761e-04  1.928600e-04  1.168645e-04  6.868700e-05  5.535762e-05  3.836243e-05  2.054288e-05  1.058807e-05
 7  5  1.244232e+08  9.397089e-03  9.073664e-04  2.822056e-04  1.102792e-04  5.405103e-05  3.484691e-05  2.240676e-05  5.933527e-06 -4.289354e-06 -3.553602e-06
 7  4  8.405596e+07  7.876696e-03  6.471648e-04  1.616179e-04  5.169353e-05  3.034075e-05  1.950477e-05  1.349136e-05  3.313825e-06 -3.183236e-06  1.841480e-06
 7  3  5.135812e+07  6.254087e-03  3.798341e-04  6.404354e-05  8.121178e-06  1.781246e-05  1.575082e-05 -2.584833e-06  3.168557e-06 -5.503584e-06 -8.029038e-06
 7  2  2.653820e+07  4.586479e-03  1.724715e-04  8.603275e-06 -3.865414e-06  1.096081e-05  7.714397e-07  1.108101e-05  6.088820e-06 -3.338905e-06  2.801394e-07
 7  1  9.854267e+06  2.942675e-03  7.164781e-05 -8.042565e-07  4.076949e-06 -4.459212e-06  5.415900e-07  2.324557e-06  2.082284e-06  1.289614e-05  5.975378e-07
 7  0  1.418059e+06  1.314310e-03  3.881269e-05 -2.432637e-05  7.473027e-05 -1.333345e-05  3.443079e-05  1.455444e-05  2.329255e-05  8.994972e-06  2.244216e-05
Multipole Power  8 342113068  47945558
 8  8  3.685061e+08  1.768765e-02  5.329999e-03  4.371901e-03  4.076247e-03  3.964332e-03  3.918245e-03  3.885359e-03  3.866230e-03  3.854164e-03  3.843737e-03
 8  7  2.886412e+08  1.275012e-02  1.366160e-03  4.860636e-04  2.181960e-04  1.256315e-04  8.016013e-05  5.250198e-05  4.293681e-05  2.870181e-05  2.115706e-05
 8  6  2.188986e+08  1.137740e-02  1.122512e-03  3.531608e-04  1.416189e-04  7.490651e-05  3.687936e-05  2.492445e-05  1.752329e-05  8.273000e-06 -3.709096e-06
 8  5  1.581075e+08  9.854968e-03  8.469427e-04  2.346261e-04  8.090399e-05  3.509489e-05  1.884747e-05  2.028190e-05  1.366109e-05  6.627683e-06 -4.707102e-06
 8  4  1.067904e+08  8.223349e-03  5.759818e-04  1.241051e-04  2.926595e-05  2.718077e-06  8.295073e-06  1.203338e-05  8.830911e-06  1.108403e-06 -2.482808e-07
 8  3  6.524321e+07  6.527188e-03  3.430157e-04  6.415968e-05 -6.723302e-06 -8.581168e-06 -5.651607e-07  1.722149e-06  7.013699e-06 -5.094135e-06  5.806088e-06
 8  2  3.371026e+07  4.754773e-03  1.883022e-04  2.671949e-05 -2.204942e-06  7.641201e-08  3.609549e-06 -8.479855e-06 -6.777359e-06  7.077234e-07  8.292028e-06
 8  1  1.251550e+07  2.962583e-03  7.230681e-05  1.426644e-05 -4.796178e-06  8.413887e-06  1.714594e-05 -9.832891e-06  7.648543e-07 -9.572755e-07 -7.534016e-06
 8  0  1.801043e+06  1.426305e-03  8.801955e-05  1.479155e-05 -2.331822e-06  2.269483e-05  1.279462e-05  1.149454e-05 -6.032997e-06  3.099236e-07 -9.667629e-06
Multipole Power  9 422017032  59273224
 9  9  5.629074e+08  1.911305e-02  4.802945e-03  3.696365e-03  3.367945e-03  3.245559e-03  3.180007e-03  3.154244e-03  3.132550e-03  3.117783e-03  3.110696e-03
 9  8  4.538141e+08  1.487266e-02  1.570927e-03  5.532273e-04  2.514934e-04  1.371288e-04  8.582609e-05  6.208008e-05  4.280881e-05  3.106312e-05  2.973540e-05
 9  7  3.567121e+08  1.346486e-02  1.326010e-03  4.321116e-04  1.727505e-04  8.094689e-05  5.194164e-05  2.769123e-05  1.704488e-05  1.729651e-05  1.132433e-05
 9  6  2.704615e+08  1.192668e-02  1.054731e-03  3.043816e-04  1.014821e-04  4.871561e-05  2.429302e-05  1.172442e-05  1.446701e-05  1.258829e-05  1.382161e-06
 9  5  1.953229e+08  1.026460e-02  7.849137e-04  1.876876e-04  5.450764e-05  2.160867e-05  1.493285e-06  4.010729e-06  7.759350e-06  7.323863e-06  6.833660e-06
 9  4  1.319089e+08  8.527201e-03  5.310041e-04  1.064702e-04  2.900490e-05  3.115690e-08 -8.739802e-06 -5.295789e-06  3.387438e-06  4.076398e-06 -2.393932e-06
 9  3  8.057821e+07  6.727581e-03  3.166178e-04  6.871981e-05  1.634178e-05 -5.031807e-06 -6.452044e-06 -7.051259e-07 -2.285087e-06 -2.482832e-06 -5.379949e-06
 9  2  4.163014e+07  4.878990e-03  1.405658e-04  2.511253e-05 -7.706751e-06 -8.571692e-07 -7.831731e-06 -4.148066e-06  1.165113e-05  4.163407e-06 -7.368655e-06
 9  1  1.545668e+07  3.074473e-03  2.738006e-05  1.405199e-05 -4.654679e-06 -1.393476e-05 -3.914181e-06 -3.738524e-06  1.227023e-05 -4.954029e-06  2.354982e-06
 9  0  2.224221e+06  1.407842e-03 -5.977447e-05  2.835755e-05  1.495446e-05  5.611848e-06 -4.210166e-05 -1.192189e-05  1.284058e-05 -5.270172e-06 -9.841865e-06
Multipole Power 10 508641380  71624207
10 10  8.219922e+08  2.088763e-02  4.470892e-03  3.244299e-03  2.857556e-03  2.720858e-03  2.652892e-03  2.616385e-03  2.600632e-03  2.585048e-03  2.570813e-03
10  9  6.782269e+08  1.710927e-02  1.787126e-03  6.292160e-04  2.764556e-04  1.553533e-04  9.191945e-05  6.273442e-05  4.759847e-05  3.443925e-05  2.586439e-05
10  8  5.483314e+08  1.567163e-02  1.545730e-03  5.054194e-04  2.072560e-04  1.018997e-04  5.443884e-05  3.629553e-05  2.370660e-05  1.456356e-05  1.290166e-05
10  7  4.309210e+08  1.410054e-02  1.272351e-03  3.795677e-04  1.369315e-04  5.586308e-05  3.026651e-05  2.359533e-05  9.617930e-06  9.290590e-06  1.220887e-05
10  6  3.266703e+08  1.242456e-02  9.924710e-04  2.613207e-04  7.532370e-05  2.460303e-05  1.275191e-05  9.800019e-07  9.417293e-07  4.849151e-06  6.803570e-06
10  5  2.358819e+08  1.065030e-02  7.159502e-04  1.714945e-04  3.656643e-05  1.346134e-05  4.810405e-06 -8.170747e-06 -9.287557e-07  1.055870e-06  4.315725e-07
10  4  1.592882e+08  8.803365e-03  4.879837e-04  9.234681e-05  2.756412e-05  1.248082e-05 -3.045301e-06 -5.715603e-06 -5.579133e-06 -5.090404e-06  1.324271e-06
10  3  9.729359e+07  6.935096e-03  2.735029e-04  4.444102e-05  1.162027e-05  4.370819e-06  2.675405e-06 -5.881085e-06 -4.803583e-06  4.954691e-06  3.341371e-06
10  2  5.026406e+07  5.011659e-03  1.203425e-04  2.149935e-05  9.937010e-06 -1.351547e-06  3.552747e-06 -1.091812e-06 -7.362616e-06 -6.593220e-06  4.123054e-06
10  1  1.866147e+07  3.140231e-03  4.870461e-07 -2.483425e-06 -1.149070e-05  1.251921e-05 -3.802662e-06  3.393279e-06  8.739052e-06  1.088704e-05 -5.558651e-06
10  0  2.685751e+06  1.476795e-03 -5.724037e-05 -1.408044e-05 -1.771372e-06 -7.747537e-06  3.925579e-06  8.444952e-07  5.749127e-07 -1.570988e-06  1.500006e-05
Multipole Power 11 601625144  84953960
11 11  1.156722e+09  2.293144e-02  4.290725e-03  2.925263e-03  2.489845e-03  2.328218e-03  2.260526e-03  2.220711e-03  2.195450e-03  2.181604e-03  2.173710e-03
11 10  9.727014e+08  1.949835e-02  1.999589e-03  7.173901e-04  3.133135e-04  1.676472e-04  1.049964e-04  6.822807e-05  4.970191e-05  3.982603e-05  2.861081e-05
11  9  8.044365e+08  1.800373e-02  1.765521e-03  5.925534e-04  2.367414e-04  1.227055e-04  6.808082e-05  3.810318e-05  3.011553e-05  1.847585e-05  1.192079e-05
11  8  6.502520e+08  1.638466e-02  1.497446e-03  4.601628e-04  1.683493e-04  7.840147e-05  3.604810e-05  2.154939e-05  1.355948e-05  9.128364e-06  4.067642e-06
11  7  5.109390e+08  1.467142e-02  1.213693e-03  3.369888e-04  1.106839e-04  4.312568e-05  1.353485e-05  8.070197e-06  5.375072e-06  1.646761e-07  1.280443e-06
11  6  3.872798e+08  1.286881e-02  9.337520e-04  2.248785e-04  6.683853e-05  1.868596e-05  3.786277e-06  2.584634e-06 -6.033553e-06 -7.119166e-06  1.081332e-06
11  5  2.796184e+08  1.101409e-02  6.629129e-04  1.452720e-04  3.829016e-05  1.108028e-05  6.041410e-06 -6.697204e-07 -6.274238e-06 -3.135692e-06 -3.517172e-06
11  4  1.888056e+08  9.072327e-03  4.396883e-04  8.266859e-05  1.227748e-05  9.203530e-06  7.999075e-06 -1.616483e-06 -4.213070e-06 -4.844258e-06 -2.717724e-06
11  3  1.153198e+08  7.118791e-03  2.433605e-04  2.193564e-05  1.517262e-06  3.150561e-06  2.123385e-06  4.004565e-06  1.869512e-06 -3.637987e-07 -6.817823e-07
11  2  5.957795e+07  5.160250e-03  9.881908e-05  2.478575e-06 -1.149112e-05 -6.967347e-07 -3.568178e-06  1.332190e-06  4.416383e-06  5.411527e-06  4.301640e-06
11  1  2.211831e+07  3.235217e-03  4.232160e-05 -1.091600e-05 -4.889179e-06 -1.346743e-05  3.840904e-06  5.699475e-06 -6.100603e-06  7.486838e-07  9.843429e-06
11  0  3.183459e+06  1.515949e-03 -4.175338e-05  1.810032e-05  1.482290e-05 -2.043716e-06 -5.385288e-06 -2.044249e-06  8.945546e-06 -1.822835e-06  2.784691e-05
Multipole Power 12 700447774  99204674
12 12  1.578138e+09  2.519534e-02  4.223801e-03  2.672513e-03  2.224758e-03  2.038379e-03  1.954127e-03  1.916079e-03  1.889145e-03  1.871920e-03  1.862877e-03
12 11  1.348267e+09  2.201912e-02  2.234893e-03  7.896908e-04  3.576162e-04  1.835707e-04  1.139055e-04  7.640905e-05  5.327127e-05  3.989523e-05  3.316882e-05
12 10  1.135953e+09  2.047849e-02  1.995843e-03  6.734003e-04  2.807631e-04  1.356282e-04  7.878633e-05  4.857095e-05  2.820103e-05  2.116291e-05  1.741143e-05
12  9  9.392851e+08  1.881676e-02  1.725474e-03  5.457654e-04  2.050585e-04  9.199310e-05  5.020197e-05  2.578519e-05  1.409832e-05  1.270149e-05  7.704208e-06
12  8  7.591422e+08  1.705921e-02  1.434202e-03  4.175258e-04  1.353929e-04  5.762703e-05  2.381935e-05  6.554792e-06  6.188049e-06  4.097653e-06 -6.262924e-07
12  7  5.964340e+08  1.521992e-02  1.148836e-03  2.994828e-04  8.928276e-05  3.544736e-05  6.931744e-06  1.288204e-06 -5.523096e-07 -2.923434e-06 -6.362638e-06
12  6  4.520356e+08  1.331496e-02  8.841357e-04  2.027244e-04  5.869961e-05  2.189238e-05  5.164968e-06  2.922479e-06  6.210924e-07 -3.564940e-06 -7.128472e-06
12  5  3.263469e+08  1.134621e-02  6.123628e-04  1.201149e-04  2.648291e-05  3.260946e-06 -4.696038e-08  6.941122e-06 -1.917903e-07 -3.024138e-06 -9.945908e-08
12  4  2.203452e+08  9.342128e-03  3.902056e-04  6.616797e-05  1.077119e-05 -4.472536e-06  4.796807e-06  5.244663e-06  2.965037e-06  8.804590e-07  2.001056e-06
12  3  1.345787e+08  7.324140e-03  2.130217e-04  3.593811e-05 -6.774731e-06 -9.170188e-06  1.657056e-06 -1.786799e-06 -1.629337e-07  3.750057e-06 -1.209067e-06
12  2  6.952886e+07  5.290958e-03  9.919333e-05  1.956741e-05 -1.041727e-05  5.053910e-06 -4.068922e-06  2.527567e-06  1.243411e-06 -2.898004e-06 -2.004851e-06
12  1  2.581297e+07  3.293575e-03  2.955119e-05  2.401859e-06  1.576243e-06 -8.407047e-06  4.525025e-06 -2.298509e-06 -4.107207e-06 -6.444094e-06 -4.948457e-06
12  0  3.715261e+06  1.535014e-03 -8.239944e-05  6.366451e-06 -7.577722e-06  7.083585e-06 -2.003019e-06 -2.137102e-06  1.118896e-05 -5.232725e-06  1.771327e-05
Multipole Power 13 804581894 114324211
13 13  2.097561e+09  2.766906e-02  4.234972e-03  2.504854e-03  2.010679e-03  1.822756e-03  1.718381e-03  1.675315e-03  1.650544e-03  1.629490e-03  1.618595e-03
13 12  1.816129e+09  2.466656e-02  2.491479e-03  8.577349e-04  3.978791e-04  2.114651e-04  1.207273e-04  8.360880e-05  5.936696e-05  4.165171e-05  3.268154e-05
13 11  1.554110e+09  2.307037e-02  2.246144e-03  7.484616e-04  3.270712e-04  1.577722e-04  8.548150e-05  5.597547e-05  3.469410e-05  2.204631e-05  1.685097e-05
13 10  1.309162e+09  2.137188e-02  1.961199e-03  6.236767e-04  2.499331e-04  1.091918e-04  5.783755e-05  3.249686e-05  1.816404e-05  1.077536e-05  9.225642e-06
13  9  1.082350e+09  1.957156e-02  1.664902e-03  4.979060e-04  1.761963e-04  6.888876e-05  3.358310e-05  1.571452e-05  4.990897e-06  4.616212e-06  4.875298e-06
13  8  8.746694e+08  1.769178e-02  1.370412e-03  3.782901e-04  1.160047e-04  4.206773e-05  2.147021e-05  5.287953e-06 -1.134878e-06  1.577223e-06 -1.184948e-07
13  7  6.871322e+08  1.573834e-02  1.083788e-03  2.718504e-04  7.172283e-05  3.049331e-05  1.439906e-05  2.264387e-06  3.363750e-06  3.291799e-06  1.712099e-07
13  6  5.207368e+08  1.372204e-02  8.193436e-04  1.751407e-04  3.877950e-05  1.675058e-05  1.407638e-06 -6.823977e-07  1.917208e-06  3.357062e-06 -1.699661e-06
13  5  3.759228e+08  1.167962e-02  5.669499e-04  1.001566e-04  1.935291e-05  7.682401e-06 -1.647944e-06 -1.884556e-06  5.266221e-06  2.461696e-06 -8.621151e-07
13  4  2.538128e+08  9.608176e-03  3.595635e-04  5.125299e-05  1.611354e-05 -2.012523e-07 -6.610056e-06 -1.349300e-06  3.083919e-06 -2.356862e-07 -2.522866e-06
13  3  1.550116e+08  7.527594e-03  1.898365e-04  2.300595e-05  1.055732e-05 -2.767605e-08 -1.844640e-06 -9.653970e-07  2.655020e-06  3.582807e-07 -1.657070e-06
13  2  8.008591e+07  5.432314e-03  5.226030e-05  2.107503e-05  1.067334e-06 -5.130307e-06  7.966313e-07  3.083838e-06 -3.016810e-06 -1.777913e-06  4.202150e-06
13  1  2.973332e+07  3.392011e-03  1.618479e-05  4.348588e-06  4.502687e-06  3.207131e-06  1.399723e-05  2.253842e-06 -2.278096e-06  1.723676e-06  2.270322e-07
13  0  4.279584e+06  1.546639e-03 -2.181225e-05 -2.772885e-05  9.455446e-06  8.848094e-06 -1.759876e-05  6.182758e-06  8.668406e-06 -6.586288e-06  2.486899e-05
Multipole Power 14 913554870 130261335
14 14  2.725991e+09  3.032971e-02  4.310601e-03  2.385677e-03  1.849450e-03  1.643938e-03  1.540835e-03  1.481008e-03  1.456149e-03  1.440717e-03  1.424617e-03
14 13  2.387454e+09  2.745884e-02  2.755663e-03  9.389838e-04  4.273379e-04  2.367550e-04  1.368507e-04  8.605427e-05  6.501524e-05  4.718464e-05  3.314566e-05
14 12  2.070000e+09  2.580403e-02  2.513734e-03  8.285965e-04  3.594403e-04  1.892348e-04  9.653366e-05  6.090986e-05  4.338596e-05  2.532614e-05  1.877891e-05
14 11  1.771099e+09  2.404723e-02  2.229436e-03  7.003840e-04  2.915090e-04  1.337846e-04  6.383615e-05  3.887494e-05  2.408584e-05  1.352563e-05  8.798149e-06
14 10  1.491752e+09  2.220838e-02  1.923013e-03  5.691116e-04  2.193746e-04  8.778739e-05  3.796322e-05  2.281384e-05  9.573389e-06  4.123503e-06  1.870212e-06
14  9  1.233161e+09  2.028567e-02  1.612580e-03  4.476651e-04  1.551192e-04  5.372512e-05  2.484425e-05  1.238345e-05  3.493330e-06 -1.388213e-06 -1.189167e-06
14  8  9.964416e+08  1.829702e-02  1.300576e-03  3.355837e-04  1.010436e-04  3.419847e-05  1.657864e-05  9.464211e-06  6.217836e-07  2.254304e-06  3.871914e-06
14  7  7.827380e+08  1.624311e-02  1.013148e-03  2.360162e-04  5.634910e-05  1.597055e-05  8.591246e-06  2.962695e-06 -1.614465e-06  5.117471e-06  3.243634e-06
14  6  5.931425e+08  1.414029e-02  7.551280e-04  1.531489e-04  2.497584e-05  8.164459e-06  4.390131e-06 -3.865763e-06 -1.414527e-06  4.187046e-06  4.466313e-06
14  5  4.281820e+08  1.202220e-02  5.277154e-04  9.234783e-05  8.928028e-06  5.213464e-06 -1.041282e-06 -6.674913e-06 -4.038859e-06  2.244400e-06  1.017762e-06
14  4  2.890895e+08  9.872781e-03  3.406490e-04  4.068024e-05  9.049645e-06  9.285015e-06  5.945312e-07 -4.787045e-06  1.046578e-06  4.875431e-06  3.354038e-07
14  3  1.765530e+08  7.721607e-03  1.796848e-04  1.230567e-05  2.417140e-06  6.740460e-06 -1.941703e-06 -2.618876e-06  3.962373e-06  2.005433e-06 -1.280684e-06
14  2  9.121567e+07  5.596059e-03  5.858389e-05 -8.220845e-06  3.879820e-08  8.761999e-07 -6.162772e-06 -4.412420e-06 -7.678704e-07  7.199625e-08 -3.411053e-06
14  1  3.386571e+07  3.491821e-03 -1.795733e-05 -1.660691e-07  1.419556e-05  6.856085e-07  4.633781e-06 -4.445365e-06  4.369044e-06 -5.186118e-07 -5.849791e-07
14  0  4.874626e+06  1.653170e-03 -7.686453e-05  3.519339e-06  4.967457e-06 -7.079246e-06 -1.736180e-06 -1.119755e-05  1.623753e-05  7.914787e-06  6.112287e-06
Multipole Power 15 1026581588 146915497
15 15  3.471656e+09  3.314420e-02  4.453690e-03  2.311179e-03  1.726627e-03  1.505059e-03  1.397105e-03  1.333258e-03  1.298535e-03  1.281105e-03  1.271728e-03
15 14  3.072028e+09  3.037393e-02  3.041254e-03  1.021182e-03  4.659373e-04  2.565653e-04  1.534192e-04  9.445939e-05  6.439695e-05  5.170319e-05  3.859172e-05
15 13  2.693763e+09  2.866463e-02  2.792619e-03  9.132953e-04  3.963600e-04  2.097604e-04  1.168350e-04  6.540050e-05  4.602472e-05  3.317617e-05  2.059636e-05
15 12  2.335253e+09  2.685570e-02  2.508634e-03  7.862190e-04  3.215927e-04  1.610196e-04  7.951105e-05  4.160999e-05  2.978147e-05  1.938877e-05  9.640358e-06
15 11  1.997812e+09  2.496113e-02  2.200482e-03  6.540118e-04  2.504888e-04  1.154254e-04  4.613224e-05  2.504509e-05  1.730713e-05  7.150709e-06  3.673195e-06
15 10  1.682529e+09  2.299463e-02  1.882620e-03  5.174132e-04  1.882320e-04  7.465143e-05  2.609232e-05  1.698725e-05  8.631136e-06  2.279066e-06 -3.884382e-07
15  9  1.390736e+09  2.095459e-02  1.560992e-03  3.988327e-04  1.363724e-04  4.544979e-05  1.780960e-05  1.287778e-05  5.234277e-06  2.886737e-06  7.658329e-07
15  8  1.123673e+09  1.886716e-02  1.246034e-03  2.951533e-04  8.569522e-05  2.371841e-05  8.336972e-06  5.927395e-06  2.558554e-06 -4.589035e-08  1.896534e-06
15  7  8.826158e+08  1.673079e-02  9.600280e-04  2.076403e-04  4.820092e-05  1.021150e-05  2.943223e-06  3.786858e-06 -2.123109e-06 -1.407364e-06  3.930976e-06
15  6  6.688130e+08  1.455201e-02  7.099323e-04  1.400632e-04  2.468302e-05  1.733127e-06  2.191822e-06  7.774716e-07 -5.312989e-06 -3.181800e-06  1.448460e-06
15  5  4.827878e+08  1.235665e-02  4.829705e-04  8.455143e-05  8.148351e-06  1.794454e-06  4.652408e-06  1.560525e-06 -1.402314e-06 -2.358950e-06  1.188612e-06
15  4  3.259552e+08  1.013271e-02  3.065414e-04  4.267960e-05  1.027879e-07  3.936617e-06  2.971718e-06  1.557100e-06 -5.088264e-06 -9.787441e-07  5.893228e-07
15  3  1.990654e+08  7.923612e-03  1.647065e-04  1.452292e-05 -3.718661e-06  1.091560e-06  3.200549e-06  2.158236e-06 -3.491043e-06  1.060700e-06  3.675830e-06
15  2  1.028450e+08  5.729412e-03  5.578818e-05 -3.494665e-06 -1.133888e-05  3.855735e-08  2.246100e-06 -2.196050e-08  3.404508e-06 -4.613741e-06  2.282382e-06
15  1  3.818307e+07  3.608197e-03  2.767682e-05 -6.029430e-06 -7.173226e-06 -2.173486e-06  1.002665e-05  5.820394e-06  4.436625e-06  8.992922e-07 -4.165407e-06
15  0  5.496352e+06  1.669441e-03 -4.045608e-05  1.052878e-05 -1.269929e-05 -7.781837e-06  1.895716e-05 -9.317064e-06  8.469591e-06  8.772812e-07  7.008801e-07
Multipole Power 16 1143524020 164278897
16 16  4.346391e+09  3.611798e-02  4.640125e-03  2.268756e-03  1.636117e-03  1.393022e-03  1.278096e-03  1.213772e-03  1.174509e-03  1.152217e-03  1.139814e-03
16 15  3.879644e+09  3.341914e-02  3.351851e-03  1.109665e-03  5.045298e-04  2.769402e-04  1.680920e-04  1.063208e-04  7.004712e-05  5.121358e-05  4.293595e-05
16 14  3.436695e+09  3.165838e-02  3.090936e-03  9.969305e-04  4.369431e-04  2.304138e-04  1.316760e-04  7.679296e-05  4.783825e-05  3.459428e-05  2.780525e-05
16 13  3.013131e+09  2.979128e-02  2.798210e-03  8.730644e-04  3.625422e-04  1.808192e-04  9.662343e-05  5.112111e-05  2.914210e-05  2.335231e-05  1.490956e-05
16 12  2.611788e+09  2.784468e-02  2.482680e-03  7.392440e-04  2.866895e-04  1.343692e-04  6.580834e-05  2.788004e-05  1.824673e-05  1.270683e-05  4.373201e-06
16 11  2.234156e+09  2.582727e-02  2.154474e-03  6.065266e-04  2.182979e-04  9.632017e-05  4.015676e-05  1.528818e-05  1.243519e-05  6.527300e-06 -5.233642e-07
16 10  1.881402e+09  2.374502e-02  1.824018e-03  4.771545e-04  1.599258e-04  6.847939e-05  2.094839e-05  1.004778e-05  9.587167e-06  3.684309e-06  9.604475e-07
16  9  1.555001e+09  2.159750e-02  1.505680e-03  3.553669e-04  1.123636e-04  4.025760e-05  7.917373e-06  6.146310e-06  5.478772e-06  1.054847e-06 -5.884300e-08
16  8  1.256308e+09  1.942025e-02  1.197037e-03  2.558076e-04  7.346870e-05  1.747660e-05  8.442693e-08  3.891929e-06  8.697202e-07 -3.170351e-07 -1.534369e-06
16  7  9.867515e+08  1.720640e-02  9.133317e-04  1.810471e-04  4.559733e-05  6.291022e-06  5.796452e-07  1.768101e-06  8.614466e-07 -3.099015e-06 -5.487022e-06
16  6  7.476922e+08  1.495339e-02  6.678625e-04  1.229144e-04  2.366236e-05  1.138977e-06 -1.116979e-06  4.780587e-06 -1.062004e-07 -4.256889e-06 -2.059680e-06
16  5  5.397118e+08  1.268367e-02  4.453425e-04  7.414031e-05  9.405369e-06 -3.441049e-06  1.547591e-06  5.659824e-06  1.252936e-06 -2.538705e-06 -1.475140e-06
16  4  3.643874e+08  1.039757e-02  2.753003e-04  4.355635e-05 -2.895361e-07 -4.991921e-06  1.115075e-06  3.125517e-06  1.775103e-06 -7.927546e-07 -2.966862e-06
16  3  2.225376e+08  8.126263e-03  1.446932e-04  1.784374e-05 -5.261734e-06 -3.179902e-06 -2.831871e-06  3.643784e-06  3.165647e-06  3.591004e-06 -2.576457e-06
16  2  1.149755e+08  5.865818e-03  5.242170e-05  1.087085e-05  5.305736e-07 -6.062757e-06 -7.572842e-06 -1.869416e-06 -1.958818e-06 -7.415472e-07  3.223474e-06
16  1  4.268541e+07  3.646873e-03  2.625678e-05  1.262279e-05 -4.542509e-06  5.166143e-06  3.833309e-06 -1.173811e-07  2.977672e-06  5.302456e-06 -2.043578e-06
16  0  6.145145e+06  1.688991e-03 -8.374529e-05 -1.007768e-05  1.747255e-05 -8.234487e-06  2.586969e-05  1.826759e-05  4.344496e-07  1.053868e-05  7.459985e-06
Multipole Power 17 1263795024 182284431
17 17  5.359345e+09  3.924417e-02  4.879325e-03  2.259515e-03  1.564988e-03  1.308789e-03  1.179227e-03  1.114815e-03  1.073362e-03  1.045455e-03  1.032620e-03
17 16  4.820981e+09  3.659181e-02  3.687725e-03  1.203222e-03  5.463060e-04  2.987645e-04  1.787521e-04  1.178449e-04  7.679902e-05  5.472188e-05  4.255004e-05
17 15  4.307316e+09  3.476893e-02  3.420894e-03  1.090117e-03  4.802110e-04  2.504521e-04  1.458982e-04  8.778223e-05  5.427303e-05  3.600283e-05  2.862510e-05
17 14  3.815044e+09  3.285716e-02  3.114530e-03  9.614184e-04  4.028711e-04  2.020135e-04  1.100117e-04  6.255126e-05  3.551007e-05  2.230319e-05  1.805630e-05
17 13  3.344455e+09  3.085829e-02  2.787192e-03  8.265815e-04  3.248095e-04  1.536781e-04  7.857920e-05  3.904418e-05  1.939932e-05  1.284637e-05  1.078167e-05
17 12  2.898694e+09  2.878362e-02  2.452677e-03  6.905030e-04  2.536887e-04  1.129707e-04  5.365148e-05  2.333528e-05  1.002517e-05  8.968849e-06  4.964714e-06
17 11  2.479365e+09  2.665426e-02  2.110589e-03  5.597926e-04  1.896741e-04  8.045379e-05  3.697169e-05  1.039111e-05  7.382672e-06  7.824856e-06  3.107527e-06
17 10  2.087730e+09  2.446556e-02  1.771315e-03  4.328188e-04  1.322331e-04  5.424779e-05  1.928125e-05  1.892470e-06  5.223896e-06  3.976880e-06 -1.256112e-06
17  9  1.725437e+09  2.222737e-02  1.450299e-03  3.214759e-04  8.943458e-05  3.416883e-05  4.126728e-06 -1.289378e-06  3.337406e-06  1.792051e-06 -4.805017e-07
17  8  1.393941e+09  1.995792e-02  1.153057e-03  2.272746e-04  6.060535e-05  1.856999e-05 -1.171724e-06 -3.996625e-07  1.294903e-06 -1.659581e-06 -2.481268e-06
17  7  1.094811e+09  1.766398e-02  8.733558e-04  1.557603e-04  4.036653e-05  8.638682e-06 -2.479635e-06  2.493323e-06  3.615940e-06  6.737143e-07 -9.281467e-07
17  6  8.295437e+08  1.533974e-02  6.354941e-04  1.032188e-04  2.198444e-05  1.328688e-06 -9.441252e-07  2.003807e-06  3.988876e-06  2.452462e-06 -3.013309e-06
17  5  5.987929e+08  1.301734e-02  4.155284e-04  6.127460e-05  7.488478e-06 -1.177220e-06 -6.316730e-06  2.091330e-06  1.866531e-06  5.450436e-07 -2.060983e-06
17  4  4.042694e+08  1.067045e-02  2.440682e-04  3.624187e-05  9.300272e-06 -3.297500e-06 -4.997339e-06 -4.978304e-08  1.576310e-06  2.361599e-06  2.775492e-06
17  3  2.468938e+08  8.335204e-03  1.236478e-04  2.437465e-05  7.200823e-06 -2.164096e-06 -2.292747e-06 -2.697395e-06 -1.747847e-06 -6.075737e-07  1.042550e-06
17  2  1.275623e+08  5.995212e-03  1.941305e-05  8.092837e-06  3.358713e-06  4.785493e-07  7.369582e-07 -2.817948e-06 -1.311786e-06  2.412219e-06  2.136004e-06
17  1  4.736127e+07  3.752917e-03 -1.243402e-05  5.395665e-06 -6.444743e-06  5.621644e-06 -2.346459e-06  5.045938e-06  1.915779e-06  9.619778e-07 -2.086509e-06
17  0  6.818960e+06  1.730044e-03 -9.073376e-05 -3.992533e-06  2.351657e-05  1.019278e-05  1.261771e-05 -6.277096e-06 -1.987302e-06 -3.179324e-06 -8.962949e-06

# Total Time: 395.8 s
# Prologue:  0.889 s ( 0.2%)
# Epilogue:  0.001 s ( 0.0%)
# IO Time:   0.000 s ( 0.0%)
# Pairs:    394.897 s (99.8%)
