Box Size = {5.00000e+03,5.00000e+03,5.00000e+03}
Grid = 8
Maximum Radius =  2e+02
Radius in Grid Units =  0.288
#
# WARNING: grid appears inefficiently coarse
#
Bins = 18
Order = 10
# Found 963076 particles from /mnt/store1/oliverphilcox/3PCF_QPM/QPM/qpm.ran.01
# Rescaling input positions by factor 1.000000
# Done reading the particles
# Range of x positions are -1758.69 to -107.53
# Range of y positions are -1621.31 to 1528.24
# Range of z positions are -108.29 to 1632.97
# Biggest range is 3149.55
#
# WARNING: non-cubic input detected but you have compiled with PERIODIC flag!
#
# Multiplying all weights by -1
# Allocating 33.065 MB of particles
# Allocating  0.004 MB of cells

There are 43 filled cells compared with 512 total cells.
# Done gridding the particles
# 963076 particles in use, 963076 with positive weight
# Weights: Positive particles sum to 161058.670000
#          Negative particles sum to 0.000000
Average number of particles per grid cell = 2.2e+04
Average number of particles per max_radius ball = 1.9e+02
# Running on 40 threads.
# We counted  5381301598 pairs within 180.000000.
# Average of 5587.618836 pairs per primary particle.
# We expected 188 pairs, off by 28591086.000000.
# Done counting the pairs
# Bin 0 counter for thread  0:         0
# Bin 0 counter for thread  1:    257131
# Bin 0 counter for thread  2:         0
# Bin 0 counter for thread  3:         0
# Bin 0 counter for thread  4:     15066
# Bin 0 counter for thread  5:         0
# Bin 0 counter for thread  6:         0
# Bin 0 counter for thread  7:         0
# Bin 0 counter for thread  8:         0
# Bin 0 counter for thread  9:         0
# Bin 0 counter for thread 10:         0
# Bin 0 counter for thread 11:         0
# Bin 0 counter for thread 12:         0
# Bin 0 counter for thread 13:         0
# Bin 0 counter for thread 14:         0
# Bin 0 counter for thread 15:         0
# Bin 0 counter for thread 16:         0
# Bin 0 counter for thread 17:         0
# Bin 0 counter for thread 18:         0
# Bin 0 counter for thread 19:         0
# Bin 0 counter for thread 20:     99648
# Bin 0 counter for thread 21:         0
# Bin 0 counter for thread 22:         0
# Bin 0 counter for thread 23:         0
# Bin 0 counter for thread 24:         0
# Bin 0 counter for thread 25:         0
# Bin 0 counter for thread 26:         0
# Bin 0 counter for thread 27:         0
# Bin 0 counter for thread 28:    258882
# Bin 0 counter for thread 29:    317070
# Bin 0 counter for thread 30:         0
# Bin 0 counter for thread 31:         0
# Bin 0 counter for thread 32:         0
# Bin 0 counter for thread 33:         0
# Bin 0 counter for thread 34:         0
# Bin 0 counter for thread 35:         0
# Bin 0 counter for thread 36:         0
# Bin 0 counter for thread 37:         0
# Bin 0 counter for thread 38:    706461
# Bin 0 counter for thread 39:         0

# Binned weighted pair counts, monopole and quadrupole
Pairs  0     36669        -3
Pairs  1    246817       -48
Pairs  2    641052      -366
Pairs  3   1196534      -821
Pairs  4   1890278     -1026
Pairs  5   2702157       -62
Pairs  6   3615056      2366
Pairs  7   4607707      5519
Pairs  8   5669885     10460
Pairs  9   6787660     16941
Pairs 10   7947246     25994
Pairs 11   9142529     40086
Pairs 12  10390677     63086
Pairs 13  11702090     86779
Pairs 14  13078993    112826
Pairs 15  14509835    139173
Pairs 16  15993564    165101
Pairs 17  17531344    191477

# Multipole power
Multipole Power  0   1654258    230968
 0  0  1.566237e+04  4.544766e-01  4.521659e-01  4.519829e-01  4.520394e-01  4.516126e-01  4.513411e-01  4.515136e-01  4.514758e-01  4.517913e-01  4.514535e-01
Multipole Power  1  11104582   1555308
 1  1  4.423180e+05  1.161003e-01  1.091174e-01  1.079165e-01  1.076667e-01  1.076353e-01  1.074986e-01  1.075367e-01  1.075425e-01  1.074820e-01  1.075269e-01
 1  0  5.814049e+04  5.759258e-03 -1.036032e-04 -1.405251e-04  9.399613e-05  2.315615e-06  2.012759e-04 -8.178578e-05  1.447641e-04  1.709594e-05  6.614573e-05
Multipole Power  2  28771188   4043863
 2  2  2.820497e+06  5.859167e-02  4.600634e-02  4.453539e-02  4.405357e-02  4.389108e-02  4.376435e-02  4.371644e-02  4.369252e-02  4.376567e-02  4.381257e-02
 2  1  1.029382e+06  1.106575e-02  1.436047e-03  4.769186e-04  2.219370e-04 -2.582354e-05 -1.127988e-05  1.631464e-05  4.709395e-05 -1.178340e-06 -3.432624e-05
 2  0  1.509971e+05  5.297572e-03  3.386580e-04  1.045630e-05  4.326821e-06 -5.101803e-05  9.316197e-05 -2.192335e-05  9.406048e-06  6.906886e-05 -2.221200e-05
Multipole Power  3  53474850   7548349
 3  3  9.735495e+06  4.484408e-02  2.692794e-02  2.484633e-02  2.419967e-02  2.394873e-02  2.379015e-02  2.369948e-02  2.368419e-02  2.366092e-02  2.365601e-02
 3  2  5.053988e+06  1.748307e-02  2.404415e-03  7.548392e-04  3.591208e-04  1.612795e-04  6.765933e-05  5.013239e-05  5.250817e-06 -1.201825e-05 -1.405964e-05
 3  1  1.923218e+06  1.154784e-02  1.014656e-03  2.619605e-04  5.343583e-05  6.430238e-05  3.717672e-05  3.538112e-05  2.485706e-05  2.468667e-05 -1.713842e-05
 3  0  2.819972e+05  5.369873e-03  1.699792e-04 -1.530458e-05  6.901240e-05  3.913739e-05  4.343787e-05 -3.766040e-06  2.775930e-05  5.844740e-05 -2.591758e-05
Multipole Power  4  84083360  11924436
 4  4  2.433148e+07  4.277845e-02  1.935089e-02  1.654782e-02  1.569864e-02  1.535841e-02  1.518664e-02  1.509686e-02  1.505435e-02  1.500604e-02  1.496553e-02
 4  3  1.507157e+07  2.400551e-02  3.448278e-03  1.169951e-03  4.999845e-04  2.233739e-04  1.494377e-04  1.045248e-04  6.282117e-05  1.986882e-05  7.936464e-06
 4  2  7.994249e+06  1.813314e-02  1.982123e-03  5.248666e-04  1.474476e-04  7.971531e-05  5.379505e-05  2.509026e-05  1.156182e-05  1.187878e-05  2.969509e-05
 4  1  3.038262e+06  1.158841e-02  8.149922e-04  1.324555e-04  2.118380e-05  1.458598e-05  2.233607e-05 -2.157089e-05 -7.576523e-06  5.572763e-06  1.086432e-05
 4  0  4.455832e+05  5.525460e-03  1.518334e-04  2.383167e-05 -2.183084e-05  2.189785e-05 -7.697520e-05  4.110418e-05  2.562090e-05 -1.895365e-05  1.415219e-05
Multipole Power  5 119562214  17041243
 5  5  4.994474e+07  4.499067e-02  1.605931e-02  1.246195e-02  1.136562e-02  1.094578e-02  1.072967e-02  1.060807e-02  1.055002e-02  1.051534e-02  1.048485e-02
 5  4  3.437564e+07  3.072701e-02  4.652300e-03  1.565034e-03  7.140121e-04  3.707898e-04  1.922773e-04  1.205153e-04  7.807312e-05  6.416693e-05  5.190492e-05
 5  3  2.156990e+07  2.507743e-02  3.084910e-03  8.708663e-04  3.287105e-04  1.226481e-04  3.437335e-05  2.826028e-05  3.796596e-05  2.394452e-05 -4.647043e-06
 5  2  1.142699e+07  1.855862e-02  1.622102e-03  3.635706e-04  1.099111e-04  7.588802e-06 -9.315142e-06  1.121846e-05  1.461508e-05  4.756181e-06 -3.867733e-06
 5  1  4.341415e+06  1.166842e-02  5.896523e-04  1.279253e-04  1.288990e-06 -2.778357e-05 -1.487082e-05 -1.023049e-05  9.718713e-06  3.156344e-06  5.759948e-06
 5  0  6.365925e+05  5.285725e-03  1.555668e-04  2.543941e-05  1.282517e-05  4.071815e-05 -5.973517e-05 -5.097930e-05  1.384967e-05 -1.340765e-05  5.456009e-05
Multipole Power  6 159012294  22786467
 6  6  8.991283e+07  4.879417e-02  1.499360e-02  1.018393e-02  8.968231e-03  8.384393e-03  8.139048e-03  8.016570e-03  7.918400e-03  7.864437e-03  7.840392e-03
 6  5  6.632447e+07  3.748730e-02  6.013216e-03  2.036084e-03  9.208269e-04  4.622969e-04  2.812342e-04  1.704964e-04  9.960378e-05  7.761477e-05  6.072289e-05
 6  4  4.604117e+07  3.200494e-02  4.369529e-03  1.305264e-03  4.867469e-04  2.307869e-04  1.077486e-04  4.828770e-05  2.104630e-05  1.294276e-05  1.282379e-05
 6  3  2.885529e+07  2.564453e-02  2.742960e-03  6.622664e-04  2.083226e-04  8.966203e-05  2.765072e-05  1.153624e-05 -1.195848e-05  3.359939e-06  1.562444e-05
 6  2  1.527556e+07  1.880411e-02  1.374538e-03  2.528559e-04  6.992383e-05  4.362296e-05  7.817476e-06 -1.621056e-05 -2.296148e-06 -1.481970e-05 -3.632281e-06
 6  1  5.802918e+06  1.174228e-02  4.137425e-04  1.588728e-05  1.424934e-05  1.478987e-05  4.679156e-06  1.416769e-05  4.820473e-06  9.094189e-06 -1.298519e-06
 6  0  8.511715e+05  5.510079e-03  8.890609e-05 -2.663597e-05 -3.566839e-06 -1.321090e-05 -2.567365e-05 -2.011242e-06 -3.311028e-05 -4.416362e-06 -3.910200e-06
Multipole Power  7 201490484  29032926
 7  7  1.471847e+08  5.251572e-02  1.549937e-02  8.866382e-03  7.431580e-03  6.885853e-03  6.503772e-03  6.334144e-03  6.267943e-03  6.193923e-03  6.139696e-03
 7  6  1.141073e+08  4.352658e-02  7.968571e-03  2.375483e-03  1.168955e-03  6.256126e-04  3.199386e-04  2.219833e-04  1.615110e-04  9.388083e-05  5.827976e-05
 7  5  8.465236e+07  3.874097e-02  5.984755e-03  1.684729e-03  7.364433e-04  3.058655e-04  1.522642e-04  1.033353e-04  5.088091e-05  1.605798e-05  1.124389e-05
 7  4  5.868381e+07  3.273312e-02  4.083360e-03  1.041623e-03  3.511214e-04  1.241625e-04  6.480424e-05  4.036214e-05  6.450192e-06 -7.629441e-06 -3.819174e-06
 7  3  3.675143e+07  2.599199e-02  2.434225e-03  5.017774e-04  1.217383e-04  5.144873e-05  3.960617e-05  1.121306e-05  1.055896e-05 -9.279957e-06 -1.314801e-05
 7  2  1.945031e+07  1.888577e-02  1.172333e-03  1.629781e-04  2.154549e-05  6.064642e-06  6.524952e-06  9.664096e-06  7.683163e-06  1.211474e-07 -5.844478e-07
 7  1  7.389465e+06  1.184242e-02  3.908728e-04  4.343798e-05  1.983807e-05  2.358181e-06 -7.203608e-06 -6.968339e-06  1.488997e-06  1.659820e-05  7.701711e-07
 7  0  1.084064e+06  5.387879e-03  1.321324e-04 -3.441771e-05  5.133412e-05 -1.358691e-05  1.410419e-05  1.293378e-05  3.331086e-05  3.511288e-06  7.419243e-06
Multipole Power  8 246297296  35699315
 8  8  2.249622e+08  5.565124e-02  1.665637e-02  8.442742e-03  6.341804e-03  5.825204e-03  5.485370e-03  5.226965e-03  5.101220e-03  5.053739e-03  5.011120e-03
 8  7  1.807751e+08  4.836020e-02  1.031829e-02  2.944047e-03  1.270393e-03  8.049676e-04  4.520467e-04  2.466071e-04  1.787605e-04  1.339370e-04  9.648147e-05
 8  6  1.407147e+08  4.429502e-02  8.241163e-03  2.090580e-03  8.938599e-04  4.980819e-04  2.126106e-04  1.094817e-04  8.194122e-05  5.375527e-05  1.985883e-05
 8  5  1.042292e+08  3.909819e-02  5.978285e-03  1.327951e-03  5.517429e-04  2.338953e-04  7.527209e-05  5.236686e-05  4.303155e-05  1.392380e-05 -5.778705e-06
 8  4  7.217398e+07  3.294843e-02  3.922622e-03  7.561493e-04  2.850975e-04  7.163043e-05  2.607204e-05  3.578002e-05  2.528274e-05  6.929931e-06  5.549381e-07
 8  3  4.517052e+07  2.616387e-02  2.221793e-03  3.747799e-04  8.336416e-05 -6.308364e-06  1.765179e-06  3.292393e-06  7.906241e-06  3.993920e-06  8.546625e-06
 8  2  2.390298e+07  1.896060e-02  1.044923e-03  1.697226e-04  2.333570e-05 -5.230851e-06  2.810034e-06 -8.432694e-06 -9.081054e-06 -2.218871e-06  5.207856e-06
 8  1  9.081036e+06  1.177608e-02  3.308184e-04  4.434309e-05 -1.126075e-05  8.090357e-06  5.892668e-06 -5.464400e-06 -5.686605e-06 -8.400201e-06 -1.126113e-05
 8  0  1.332605e+06  5.503035e-03  1.996215e-04  4.222479e-05 -1.210902e-05  2.436774e-05 -1.826929e-06  5.122007e-06 -2.666144e-05  1.111188e-05 -4.770279e-05
Multipole Power  9 292812634  42699765
 9  9  3.258900e+08  5.823140e-02  1.801312e-02  8.655576e-03  5.735673e-03  5.017632e-03  4.734495e-03  4.511511e-03  4.322016e-03  4.220018e-03  4.188450e-03
 9  8  2.692934e+08  5.219157e-02  1.261854e-02  3.865324e-03  1.412388e-03  8.573450e-04  5.848511e-04  3.511989e-04  1.941280e-04  1.390608e-04  1.222454e-04
 9  7  2.170508e+08  4.866197e-02  1.060771e-02  2.866633e-03  9.771257e-04  5.960886e-04  3.575798e-04  1.611797e-04  7.692238e-05  6.811955e-05  5.711865e-05
 9  6  1.686983e+08  4.411488e-02  8.334607e-03  1.876792e-03  6.013151e-04  3.685214e-04  1.662557e-04  4.927778e-05  3.228402e-05  3.082846e-05  2.073796e-05
 9  5  1.248143e+08  3.870615e-02  6.014557e-03  1.078639e-03  3.431756e-04  1.958041e-04  5.321063e-05  9.448823e-06  2.065579e-05  2.781988e-05  1.643099e-05
 9  4  8.634665e+07  3.259042e-02  3.917060e-03  5.380877e-04  1.801234e-04  7.564408e-05 -9.575629e-06 -1.170866e-05  8.332578e-06  6.640937e-06 -1.440783e-06
 9  3  5.400499e+07  2.592786e-02  2.190099e-03  2.417563e-04  1.121079e-04  2.235055e-05 -1.791820e-05  4.304718e-06 -2.388939e-06 -1.993235e-06 -6.672413e-06
 9  2  2.857130e+07  1.888340e-02  9.005553e-04  8.321829e-05  2.974654e-05  3.037899e-06 -9.177092e-06 -1.361242e-06  1.096955e-05  6.109822e-06 -1.862809e-06
 9  1  1.085794e+07  1.174929e-02  2.248575e-04  1.505638e-05  4.649593e-06 -1.049093e-05 -1.497273e-05 -1.230759e-05  1.024629e-05 -3.424729e-06  5.903503e-06
 9  0  1.593963e+06  5.385663e-03  3.044970e-05  1.428592e-05  1.129622e-05 -1.260953e-05  5.343719e-06 -2.043935e-05  4.222954e-05 -2.454686e-08 -5.259379e-05
Multipole Power 10 340309312  49939615
10 10  4.521111e+08  6.045653e-02  1.929720e-02  9.208770e-03  5.527572e-03  4.444323e-03  4.132993e-03  3.970904e-03  3.790983e-03  3.649586e-03  3.568669e-03
10  9  3.820817e+08  5.529675e-02  1.467893e-02  5.002173e-03  1.737460e-03  8.823902e-04  6.292715e-04  4.540406e-04  2.804447e-04  1.618971e-04  1.130840e-04
10  8  3.164809e+08  5.218691e-02  1.279237e-02  3.902279e-03  1.209795e-03  6.149124e-04  4.279117e-04  2.759852e-04  1.298717e-04  6.002658e-05  5.492744e-05
10  7  2.547375e+08  4.810464e-02  1.059623e-02  2.787030e-03  7.316310e-04  3.750650e-04  2.663303e-04  1.368715e-04  3.651898e-05  1.853464e-05  2.837760e-05
10  6  1.977670e+08  4.324898e-02  8.284119e-03  1.786709e-03  3.745989e-04  2.198549e-04  1.433063e-04  4.163497e-05  8.762834e-07  7.822767e-06  1.936406e-05
10  5  1.461868e+08  3.772596e-02  6.005502e-03  9.969910e-04  1.549522e-04  1.270317e-04  6.259136e-05 -5.664848e-06 -1.266654e-05 -4.237077e-06  7.401740e-06
10  4  1.010614e+08  3.166057e-02  3.996791e-03  4.504827e-04  7.411728e-05  8.113027e-05  2.315927e-05 -1.058051e-05 -1.275795e-05 -2.097546e-06  2.714875e-06
10  3  6.317305e+07  2.521031e-02  2.263594e-03  1.332568e-04  3.325947e-05  4.219783e-05  8.722589e-06 -1.610545e-05 -5.472356e-06  9.057075e-06 -1.487606e-06
10  2  3.340996e+07  1.846249e-02  9.946779e-04 -5.772636e-06  1.943966e-05  1.585564e-05 -3.643824e-06  4.192975e-06 -4.724400e-06 -5.316103e-07  1.600016e-06
10  1  1.269651e+07  1.162399e-02  2.130708e-04 -1.777265e-05  5.343094e-06  4.671755e-06 -7.019844e-06  2.416271e-07  1.110261e-05  3.062147e-06  1.635690e-06
10  0  1.864432e+06  5.417792e-03  1.802943e-05  9.824958e-07  9.434569e-07  1.102470e-05 -5.377170e-06  1.130992e-05  3.229283e-05 -7.104558e-06  2.911912e-05
Multipole Power 11 388593116  57386471
11 11  6.058220e+08  6.241821e-02  2.045793e-02  9.924127e-03  5.619265e-03  4.120953e-03  3.667538e-03  3.517412e-03  3.385235e-03  3.250193e-03  3.132980e-03
11 10  5.212775e+08  5.794064e-02  1.644375e-02  6.206802e-03  2.239868e-03  9.855361e-04  6.337051e-04  5.014381e-04  3.647227e-04  2.291973e-04  1.361125e-04
11  9  4.413937e+08  5.510694e-02  1.470857e-02  5.077300e-03  1.627045e-03  6.761882e-04  4.383256e-04  3.378828e-04  2.160737e-04  1.078468e-04  5.036802e-05
11  8  3.651588e+08  5.139394e-02  1.261714e-02  3.877120e-03  1.053534e-03  3.963092e-04  2.717462e-04  2.047792e-04  1.050275e-04  3.090884e-05  6.828262e-06
11  7  2.936172e+08  4.692863e-02  1.036135e-02  2.766721e-03  5.825164e-04  2.035335e-04  1.590909e-04  1.149662e-04  4.294772e-05 -3.971616e-06 -3.676784e-06
11  6  2.277602e+08  4.185928e-02  8.092494e-03  1.794878e-03  2.538404e-04  8.190732e-05  9.120125e-05  5.523194e-05 -6.554903e-06 -2.135872e-05 -5.736333e-06
11  5  1.682469e+08  3.630791e-02  5.892778e-03  1.042317e-03  6.327393e-05  3.729395e-05  6.606650e-05  2.528879e-05 -1.032739e-05 -1.059774e-05 -8.259220e-06
11  4  1.162476e+08  3.031075e-02  3.991987e-03  5.002022e-04 -3.671781e-05  2.344783e-05  3.653897e-05  1.192005e-05 -1.023157e-05 -1.225889e-05 -3.395047e-06
11  3  7.263847e+07  2.403628e-02  2.371002e-03  1.557511e-04 -5.059159e-05  1.272670e-05  2.438164e-05  1.154755e-05 -5.357686e-06 -4.687421e-06  2.623392e-06
11  2  3.840620e+07  1.759951e-02  1.126162e-03  9.905927e-06 -4.331930e-05  8.341062e-06  6.015919e-06  2.240774e-06 -3.577447e-06  6.260273e-06  1.642963e-06
11  1  1.459310e+07  1.110203e-02  3.668498e-04 -3.361287e-05  1.969802e-06  3.255221e-06  4.729529e-06  4.816224e-06 -2.054088e-06  1.991542e-06  1.454278e-05
11  0  2.143060e+06  5.164611e-03  1.331906e-04  6.459843e-06 -3.354010e-05 -7.554439e-06 -6.929912e-06 -2.131018e-05  7.366174e-06 -5.502895e-06  5.372049e-05
Multipole Power 12 438538286  65153505
12 12  7.912981e+08  6.424433e-02  2.149832e-02  1.057687e-02  5.892822e-03  4.007554e-03  3.328226e-03  3.133979e-03  3.035034e-03  2.930750e-03  2.820455e-03
12 11  6.899614e+08  6.026131e-02  1.797415e-02  7.318843e-03  2.867180e-03  1.193013e-03  6.543310e-04  5.050227e-04  4.067744e-04  3.009743e-04  1.926035e-04
12 10  5.946014e+08  5.768080e-02  1.634611e-02  6.225047e-03  2.202079e-03  8.256862e-04  4.487722e-04  3.494094e-04  2.694732e-04  1.737346e-04  8.967101e-05
12  9  5.029091e+08  5.423356e-02  1.435357e-02  5.006357e-03  1.533075e-03  5.003458e-04  2.659535e-04  2.174607e-04  1.606114e-04  8.460223e-05  2.637469e-05
12  8  4.156632e+08  5.008414e-02  1.216490e-02  3.808536e-03  9.657083e-04  2.530910e-04  1.337864e-04  1.318694e-04  9.164507e-05  3.527532e-05 -1.765880e-06
12  7  3.339746e+08  4.534526e-02  9.919703e-03  2.732153e-03  5.312468e-04  8.663134e-05  6.011307e-05  7.294588e-05  4.405345e-05 -4.467054e-07 -2.199911e-05
12  6  2.589069e+08  4.014961e-02  7.728445e-03  1.832688e-03  2.400149e-04  9.207261e-06  2.688964e-05  5.185738e-05  2.724515e-05 -6.509615e-06 -1.708270e-05
12  5  1.911652e+08  3.455180e-02  5.629801e-03  1.104203e-03  5.692722e-05 -4.220533e-05  1.197008e-05  3.926154e-05  1.391666e-05 -7.676029e-06 -4.570399e-06
12  4  1.320365e+08  2.865884e-02  3.833513e-03  6.096990e-04 -3.160846e-05 -4.869072e-05  1.045368e-05  2.332432e-05  8.631179e-06  3.820183e-06 -3.931889e-06
12  3  8.248498e+07  2.255500e-02  2.321859e-03  2.931237e-04 -5.419634e-05 -3.890849e-05  5.559213e-06  9.457306e-06  7.985234e-06  1.908394e-06 -7.297502e-06
12  2  4.360666e+07  1.632965e-02  1.168074e-03  1.078766e-04 -3.141696e-05 -4.864558e-06 -1.513468e-05 -2.988962e-06  4.931377e-06  6.324400e-07 -8.841767e-06
12  1  1.656835e+07  1.017561e-02  3.746955e-04  3.313367e-05  1.500923e-05 -6.445384e-06 -1.176853e-05 -1.889394e-06  2.091374e-06 -4.774263e-06  1.449253e-06
12  0  2.433564e+06  4.684825e-03  1.229588e-04  5.116084e-06 -5.078190e-05  8.302154e-06 -7.315715e-06  4.247562e-06  4.009395e-05 -2.253440e-06  2.560570e-05
Multipole Power 13 490725644  73317682
13 13  1.012640e+09  6.592368e-02  2.239194e-02  1.117360e-02  6.236985e-03  4.056309e-03  3.146099e-03  2.832855e-03  2.735678e-03  2.654390e-03  2.563025e-03
13 12  8.923644e+08  6.236476e-02  1.928103e-02  8.292500e-03  3.511897e-03  1.514491e-03  7.297127e-04  5.020963e-04  4.205762e-04  3.373681e-04  2.491563e-04
13 11  7.790773e+08  5.993381e-02  1.777786e-02  7.269305e-03  2.837318e-03  1.094445e-03  4.891753e-04  3.476736e-04  2.892370e-04  2.206152e-04  1.435271e-04
13 10  6.706799e+08  5.674089e-02  1.586657e-02  6.058764e-03  2.127733e-03  7.012659e-04  2.828580e-04  2.108066e-04  1.784181e-04  1.307466e-04  6.942999e-05
13  9  5.667560e+08  5.284746e-02  1.373631e-02  4.837772e-03  1.476427e-03  3.886718e-04  1.311255e-04  1.169115e-04  1.086723e-04  7.445045e-05  2.815573e-05
13  8  4.680984e+08  4.839446e-02  1.151161e-02  3.684672e-03  9.413330e-04  1.765598e-04  3.258939e-05  5.635561e-05  6.220096e-05  3.724948e-05  5.271168e-06
13  7  3.758991e+08  4.346854e-02  9.317597e-03  2.682939e-03  5.506000e-04  4.322762e-05 -1.372621e-05  3.111078e-05  4.206276e-05  2.608040e-05 -8.362361e-08
13  6  2.912786e+08  3.817100e-02  7.193908e-03  1.829546e-03  2.859201e-04 -2.712636e-05 -3.551408e-05  1.181933e-05  2.952484e-05  1.822994e-05 -5.360571e-06
13  5  2.150059e+08  3.260205e-02  5.203381e-03  1.155958e-03  1.205342e-04 -4.690429e-05 -4.257016e-05  9.566720e-07  2.300991e-05  1.085966e-05  2.654070e-07
13  4  1.484776e+08  2.682427e-02  3.513439e-03  6.819048e-04  5.668450e-05 -4.611961e-05 -3.851282e-05  8.751332e-07  7.301375e-06  4.722074e-06 -5.095452e-07
13  3  9.274770e+07  2.091655e-02  2.067866e-03  3.479815e-04  3.569564e-05 -2.687156e-05 -1.413575e-05 -1.772459e-06 -2.123374e-06  3.374472e-06 -1.553098e-06
13  2  4.903765e+07  1.494667e-02  9.484113e-04  1.649894e-04 -5.807262e-06 -1.027825e-06 -1.647923e-06  4.962364e-06 -1.054554e-05  1.502002e-06  2.388158e-06
13  1  1.863876e+07  9.228249e-03  2.567236e-04  3.585200e-05  4.361748e-06  7.970684e-06  1.096596e-05 -5.972736e-06 -8.012592e-06  3.891170e-06 -3.661605e-06
13  0  2.738690e+06  4.200750e-03  1.478530e-04 -1.783504e-05 -1.056587e-05 -7.773895e-06 -3.023432e-05 -4.321632e-06  1.558161e-05 -9.150314e-06  4.766320e-05
Multipole Power 14 545183480  81890560
14 14  1.274275e+09  6.739877e-02  2.326207e-02  1.164015e-02  6.635936e-03  4.181564e-03  3.074989e-03  2.635302e-03  2.472079e-03  2.407786e-03  2.345908e-03
14 13  1.132770e+09  6.423946e-02  2.043257e-02  9.101950e-03  4.164346e-03  1.876226e-03  8.889940e-04  5.261647e-04  4.083978e-04  3.537496e-04  2.794547e-04
14 12  9.992255e+08  6.201258e-02  1.902268e-02  8.172333e-03  3.480662e-03  1.436344e-03  6.113435e-04  3.512276e-04  2.896823e-04  2.411393e-04  1.806438e-04
14 11  8.714974e+08  5.898920e-02  1.721223e-02  7.028844e-03  2.740774e-03  9.995200e-04  3.509098e-04  2.048757e-04  1.793272e-04  1.492625e-04  1.078821e-04
14 10  7.496328e+08  5.533657e-02  1.514284e-02  5.784456e-03  2.051737e-03  6.268384e-04  1.623992e-04  1.042693e-04  1.018851e-04  9.102083e-05  6.224156e-05
14  9  6.330498e+08  5.111553e-02  1.294405e-02  4.586674e-03  1.446428e-03  3.449831e-04  4.084831e-05  3.491803e-05  5.105441e-05  5.279091e-05  3.077591e-05
14  8  5.225751e+08  4.646568e-02  1.071906e-02  3.498990e-03  9.672647e-04  1.646557e-04 -1.979585e-05  7.609128e-07  3.149282e-05  3.708715e-05  2.342674e-05
14  7  4.194756e+08  4.143218e-02  8.562642e-03  2.563342e-03  5.994054e-04  4.734635e-05 -5.389227e-05 -1.701270e-05  1.386621e-05  2.578996e-05  1.701308e-05
14  6  3.249633e+08  3.611100e-02  6.520276e-03  1.765971e-03  3.585501e-04  7.741056e-06 -5.988694e-05 -2.900222e-05  2.938845e-06  1.415870e-05  1.200930e-05
14  5  2.398426e+08  3.061342e-02  4.646137e-03  1.131984e-03  2.091998e-04 -9.718043e-06 -4.649048e-05 -2.709333e-05 -6.353833e-06  1.009473e-05  3.752935e-06
14  4  1.656213e+08  2.497102e-02  3.037127e-03  6.613189e-04  1.263261e-04  1.331475e-05 -2.622123e-05 -1.625945e-05 -1.765663e-06  2.181160e-06 -1.115000e-06
14  3  1.034727e+08  1.929314e-02  1.692852e-03  3.038259e-04  7.360840e-05  1.115705e-05 -1.963977e-05  8.598645e-07  3.666728e-06  3.751234e-06 -3.000849e-06
14  2  5.472399e+07  1.376853e-02  7.053310e-04  1.045004e-04  1.749454e-05 -8.508389e-06 -1.616838e-05 -1.249371e-06 -1.857435e-06  5.866558e-07 -6.103843e-06
14  1  2.081051e+07  8.469867e-03  9.087940e-05  3.561994e-05  1.937960e-05  4.945144e-07 -1.163654e-06 -2.945413e-06  1.270414e-05  4.490144e-06 -7.926487e-06
14  0  3.059161e+06  3.875529e-03  1.140555e-04  1.510547e-05 -4.257762e-05  1.140785e-05 -9.363086e-06  1.482560e-05 -2.085628e-05  1.303709e-05  3.206845e-07
Multipole Power 15 601402786  90800272
15 15  1.578511e+09  6.865251e-02  2.409146e-02  1.203473e-02  7.006687e-03  4.385132e-03  3.063565e-03  2.522184e-03  2.280935e-03  2.186696e-03  2.147075e-03
15 14  1.414666e+09  6.584005e-02  2.151980e-02  9.751579e-03  4.790707e-03  2.269989e-03  1.078718e-03  6.036054e-04  4.058869e-04  3.448353e-04  3.015523e-04
15 13  1.258586e+09  6.383332e-02  2.014122e-02  8.897687e-03  4.115746e-03  1.810096e-03  7.877615e-04  4.049836e-04  2.766158e-04  2.436263e-04  2.065824e-04
15 12  1.109120e+09  6.105546e-02  1.839998e-02  7.833942e-03  3.362102e-03  1.337605e-03  5.050250e-04  2.268410e-04  1.654054e-04  1.588761e-04  1.251553e-04
15 11  9.665658e+08  5.761245e-02  1.639263e-02  6.656197e-03  2.622787e-03  9.228622e-04  2.702661e-04  9.798590e-05  9.022256e-05  9.188754e-05  7.352603e-05
15 10  8.308633e+08  5.363429e-02  1.421424e-02  5.431692e-03  1.961455e-03  5.986231e-04  1.027485e-04  2.230702e-05  3.575390e-05  4.648618e-05  4.506784e-05
15  9  7.013071e+08  4.918052e-02  1.201054e-02  4.277341e-03  1.418043e-03  3.600089e-04  1.167960e-05 -1.364956e-05  1.040939e-05  2.989138e-05  3.268891e-05
15  8  5.786983e+08  4.439946e-02  9.810367e-03  3.236355e-03  9.826413e-04  1.966778e-04 -3.458896e-05 -3.562611e-05 -9.691822e-06  1.436598e-05  2.337421e-05
15  7  4.644052e+08  3.933904e-02  7.713544e-03  2.365783e-03  6.541426e-04  9.717480e-05 -4.431304e-05 -4.027362e-05 -2.155654e-05  3.937091e-06  1.317230e-05
15  6  3.597288e+08  3.407536e-02  5.754587e-03  1.627100e-03  4.178815e-04  6.231037e-05 -3.528509e-05 -3.565472e-05 -1.837365e-05 -6.088390e-06  7.056160e-06
15  5  2.654947e+08  2.866979e-02  3.971319e-03  1.007881e-03  2.506624e-04  4.946003e-05 -1.662450e-05 -1.458259e-05 -1.301380e-05 -5.513221e-06  6.339372e-06
15  4  1.833659e+08  2.324025e-02  2.501224e-03  5.429685e-04  1.262103e-04  3.301298e-05 -4.407366e-06 -8.694510e-06 -8.875372e-06  3.917289e-06  1.443465e-06
15  3  1.145920e+08  1.790871e-02  1.325102e-03  2.230348e-04  5.599892e-05  1.706222e-05 -1.832817e-06 -1.722984e-06 -4.444201e-06  7.376115e-07  4.745768e-06
15  2  6.063109e+07  1.277607e-02  5.155912e-04  5.762213e-05  5.416724e-06  3.978477e-06  3.156725e-07 -4.737347e-06 -3.319121e-06 -2.132767e-06 -7.859523e-07
15  1  2.306506e+07  7.925281e-03  5.054934e-05 -8.553277e-06  8.218347e-06 -1.908045e-06  4.091166e-06 -4.930620e-07  1.353811e-05  5.490142e-06 -1.393464e-05
15  0  3.391422e+06  3.686150e-03  1.144565e-04  1.725941e-05 -3.496997e-05 -3.075283e-05 -1.394954e-05 -2.626198e-06 -1.761677e-05  2.707076e-06 -6.117489e-06
Multipole Power 16 659358276 100044306
16 16  1.928995e+09  6.970108e-02  2.485861e-02  1.241402e-02  7.340629e-03  4.616212e-03  3.129796e-03  2.456987e-03  2.152327e-03  2.016074e-03  1.959015e-03
16 15  1.740941e+09  6.719377e-02  2.251773e-02  1.032881e-02  5.331883e-03  2.683803e-03  1.295391e-03  7.040767e-04  4.434088e-04  3.347988e-04  2.979430e-04
16 14  1.561277e+09  6.536024e-02  2.121712e-02  9.505791e-03  4.697972e-03  2.216996e-03  9.869397e-04  4.981967e-04  2.923311e-04  2.270688e-04  2.121765e-04
16 13  1.387713e+09  6.281760e-02  1.951533e-02  8.487894e-03  3.963578e-03  1.717169e-03  6.846833e-04  3.023561e-04  1.601156e-04  1.425389e-04  1.365371e-04
16 12  1.221916e+09  5.964495e-02  1.755287e-02  7.362772e-03  3.208190e-03  1.253288e-03  4.295025e-04  1.449350e-04  7.001960e-05  8.073016e-05  8.277420e-05
16 11  1.064178e+09  5.590026e-02  1.541096e-02  6.187361e-03  2.490619e-03  8.752229e-04  2.324157e-04  3.973664e-05  1.154749e-05  3.979154e-05  4.162528e-05
16 10  9.143232e+08  5.172202e-02  1.318166e-02  5.008937e-03  1.874801e-03  5.936080e-04  1.050165e-04 -1.628872e-05 -9.418647e-06  1.608416e-05  2.561377e-05
16  9  7.714782e+08  4.713239e-02  1.097660e-02  3.908020e-03  1.360211e-03  3.951868e-04  2.037076e-05 -3.958879e-05 -2.702397e-05 -4.603418e-06  1.221668e-05
16  8  6.364537e+08  4.228793e-02  8.843498e-03  2.918326e-03  9.666966e-04  2.521055e-04 -1.218659e-05 -4.053200e-05 -3.311939e-05 -1.498674e-05  3.813312e-06
16  7  5.106922e+08  3.726068e-02  6.817481e-03  2.088852e-03  6.577539e-04  1.559995e-04 -9.439998e-06 -2.598784e-05 -2.705575e-05 -1.651433e-05 -4.617522e-06
16  6  3.955826e+08  3.210033e-02  4.952137e-03  1.383416e-03  4.199618e-04  1.040388e-04  1.830415e-06 -1.055117e-05 -1.424865e-05 -1.177792e-05 -5.939212e-06
16  5  2.919951e+08  2.689417e-02  3.294619e-03  8.112212e-04  2.259014e-04  5.529543e-05  5.873720e-06  1.195348e-06 -1.370386e-07 -4.101434e-06 -2.684186e-06
16  4  2.017239e+08  2.175492e-02  2.006990e-03  4.105711e-04  9.764127e-05  2.545713e-05 -3.969435e-06  2.678225e-06  5.966643e-07 -5.319836e-06 -6.520667e-06
16  3  1.261140e+08  1.676189e-02  1.030295e-03  1.565757e-04  4.764492e-05  5.664786e-06 -3.428524e-06  9.139243e-06 -3.492176e-06  1.885682e-06 -2.945107e-06
16  2  6.675030e+07  1.197948e-02  3.744121e-04  5.325678e-05  2.552884e-06 -5.638870e-06 -1.301268e-05 -3.167008e-06  3.002158e-07 -3.776974e-06 -4.403435e-06
16  1  2.540123e+07  7.380964e-03  1.537615e-05  9.017189e-06  9.190486e-06 -7.126504e-06  7.031719e-06  5.470499e-06  4.108877e-06  7.923734e-06 -7.015696e-06
16  0  3.736543e+06  3.374353e-03  6.529446e-05  1.204572e-05 -1.012196e-05  6.232313e-07  3.310416e-05 -8.738514e-06 -5.914217e-06 -3.543161e-07 -1.223648e-05
Multipole Power 17 718927536 109614390
17 17  2.329858e+09  7.059401e-02  2.558550e-02  1.280250e-02  7.638903e-03  4.831071e-03  3.243079e-03  2.451732e-03  2.062330e-03  1.892547e-03  1.807070e-03
17 16  2.115502e+09  6.833481e-02  2.343493e-02  1.087353e-02  5.807775e-03  3.072111e-03  1.549699e-03  8.307813e-04  4.959610e-04  3.513059e-04  2.859735e-04
17 15  1.910352e+09  6.666276e-02  2.220426e-02  1.006768e-02  5.201948e-03  2.619067e-03  1.222578e-03  6.085501e-04  3.394803e-04  2.315958e-04  1.976804e-04
17 14  1.711671e+09  6.431403e-02  2.058265e-02  9.064225e-03  4.493429e-03  2.117447e-03  8.954337e-04  4.002904e-04  1.964976e-04  1.290772e-04  1.261037e-04
17 13  1.520234e+09  6.137478e-02  1.866020e-02  7.955438e-03  3.743778e-03  1.629612e-03  6.094174e-04  2.301708e-04  8.498230e-05  5.959758e-05  7.547045e-05
17 12  1.337765e+09  5.790180e-02  1.656413e-02  6.798216e-03  3.016033e-03  1.192055e-03  3.861855e-04  1.055302e-04  6.707294e-06  1.759549e-05  3.842740e-05
17 11  1.164497e+09  5.397264e-02  1.434997e-02  5.645201e-03  2.347106e-03  8.449712e-04  2.325250e-04  2.733859e-05 -2.851800e-05 -1.014430e-06  1.920479e-05
17 10  1.000143e+09  4.966983e-02  1.208820e-02  4.515172e-03  1.763895e-03  5.884549e-04  1.278798e-04 -1.506848e-05 -4.325906e-05 -1.370016e-05 -1.253130e-06
17  9  8.436890e+08  4.503590e-02  9.906753e-03  3.472317e-03  1.280763e-03  4.108767e-04  6.737747e-05 -3.139130e-05 -3.814794e-05 -2.230374e-05 -1.276148e-05
17  8  6.959366e+08  4.020801e-02  7.838695e-03  2.546761e-03  8.925595e-04  2.917989e-04  3.531745e-05 -1.766955e-05 -2.668979e-05 -2.356530e-05 -1.426734e-05
17  7  5.584331e+08  3.526112e-02  5.921086e-03  1.757840e-03  5.909437e-04  1.837438e-04  2.328145e-05  2.711455e-06 -1.038352e-05 -1.371653e-05 -9.457481e-06
17  6  4.326137e+08  3.027370e-02  4.198012e-03  1.097861e-03  3.555763e-04  1.011528e-04  1.164061e-05  7.194650e-06 -1.948566e-06 -2.340757e-06 -6.217454e-07
17  5  3.194140e+08  2.535849e-02  2.723145e-03  6.073435e-04  1.788936e-04  3.350412e-05 -3.386841e-06  3.027019e-06 -1.576153e-06  1.537842e-06 -3.281176e-06
17  4  2.207293e+08  2.053880e-02  1.620163e-03  3.088680e-04  7.991437e-05  8.165198e-06 -1.103836e-05 -2.752808e-06  1.149800e-06  6.879304e-06 -1.305624e-06
17  3  1.380440e+08  1.584374e-02  8.138002e-04  1.289645e-04  5.434891e-05  2.861455e-06 -1.376030e-05 -7.388166e-06 -1.809437e-06 -1.335531e-06 -1.680435e-06
17  2  7.308652e+07  1.130108e-02  2.407378e-04  3.468766e-05  2.651257e-05  3.439881e-06 -1.071758e-05  3.806052e-07  3.324368e-06 -4.436827e-06  4.137689e-06
17  1  2.782185e+07  6.982994e-03 -7.202849e-05  2.241682e-06  1.742613e-05  4.686325e-06  8.661949e-06 -3.031337e-06  3.973337e-06 -7.266789e-06 -3.456475e-06
17  0  4.094366e+06  3.176232e-03  5.916822e-05 -1.119809e-05 -1.925024e-06  1.194241e-06  1.303262e-05  1.946970e-07  1.508003e-05  2.982236e-06 -9.530808e-06

# Total Time: 1318.0 s
# Prologue:  0.883 s ( 0.1%)
# Epilogue:  0.003 s ( 0.0%)
# IO Time:   0.000 s ( 0.0%)
# Pairs:    1317.146 s (99.9%)
