Box Size = {5.00000e+03,5.00000e+03,5.00000e+03}
Grid = 24
Maximum Radius =  2e+02
Radius in Grid Units =  0.864
#
# WARNING: grid appears inefficiently coarse
#
Bins = 18
Order = 10
# Found 100000 particles from /mnt/store1/oliverphilcox/3PCF_test/qpm_ran_small
# Rescaling input positions by factor 1.000000
# Done reading the particles
# Range of x positions are -1754.63 to -115.14
# Range of y positions are -1594.18 to 1508.46
# Range of z positions are -102.00 to 1629.12
# Biggest range is 3102.64
#
# WARNING: non-cubic input detected but you have compiled with PERIODIC flag!
#
# Multiplying all weights by -1
# Allocating  3.433 MB of particles
# Allocating  0.105 MB of cells

There are 577 filled cells compared with 13824 total cells.
# Done gridding the particles
# 100000 particles in use, 100000 with positive weight
# Weights: Positive particles sum to 16719.360000
#          Negative particles sum to 0.000000
Average number of particles per grid cell = 1.7e+02
Average number of particles per max_radius ball =     20
# Running on 40 threads.
# We counted  92396500 pairs within 180.000000.
# Average of 923.965000 pairs per primary particle.
# We expected 20 pairs per primary particle, off by a factor of 47.278030.
# Done counting the pairs
# Bin 0 counter for thread  0:       497
# Bin 0 counter for thread  1:       443
# Bin 0 counter for thread  2:       474
# Bin 0 counter for thread  3:       372
# Bin 0 counter for thread  4:       403
# Bin 0 counter for thread  5:       498
# Bin 0 counter for thread  6:       327
# Bin 0 counter for thread  7:       377
# Bin 0 counter for thread  8:       347
# Bin 0 counter for thread  9:       430
# Bin 0 counter for thread 10:       355
# Bin 0 counter for thread 11:       437
# Bin 0 counter for thread 12:       826
# Bin 0 counter for thread 13:       717
# Bin 0 counter for thread 14:       547
# Bin 0 counter for thread 15:       333
# Bin 0 counter for thread 16:       439
# Bin 0 counter for thread 17:       474
# Bin 0 counter for thread 18:       490
# Bin 0 counter for thread 19:       415
# Bin 0 counter for thread 20:       539
# Bin 0 counter for thread 21:       423
# Bin 0 counter for thread 22:       495
# Bin 0 counter for thread 23:       494
# Bin 0 counter for thread 24:       359
# Bin 0 counter for thread 25:       421
# Bin 0 counter for thread 26:       435
# Bin 0 counter for thread 27:       423
# Bin 0 counter for thread 28:       402
# Bin 0 counter for thread 29:       442
# Bin 0 counter for thread 30:       424
# Bin 0 counter for thread 31:       454
# Bin 0 counter for thread 32:       420
# Bin 0 counter for thread 33:       457
# Bin 0 counter for thread 34:       540
# Bin 0 counter for thread 35:       569
# Bin 0 counter for thread 36:       383
# Bin 0 counter for thread 37:       350
# Bin 0 counter for thread 38:       486
# Bin 0 counter for thread 39:       623

# Binned weighted pair counts, monopole and quadrupole
Pairs  0       407         2
Pairs  1      2794         1
Pairs  2      7483         6
Pairs  3     14529        11
Pairs  4     23777       -43
Pairs  5     34949        -1
Pairs  6     48334       -62
Pairs  7     63636       -67
Pairs  8     80714       -38
Pairs  9     99747       -61
Pairs 10    120416      -101
Pairs 11    142853      -122
Pairs 12    166450       -68
Pairs 13    191704       -97
Pairs 14    218358      -139
Pairs 15    246218      -244
Pairs 16    275318        10
Pairs 17    305829      -133

# Multipole power
Multipole Power  0     18340      2560
 0  0  8.789603e+01  8.944973e-01  8.953348e-01  8.958735e-01  8.927210e-01  8.971308e-01  8.962747e-01  8.956675e-01  8.953040e-01  8.965607e-01  8.974677e-01
Multipole Power  1    127094     17689
 1  1  1.015815e+03  5.254449e-01  5.281626e-01  5.250607e-01  5.254739e-01  5.267318e-01  5.256987e-01  5.260873e-01  5.246627e-01  5.249693e-01  5.268578e-01
 1  0  6.942145e+01 -3.072854e-03 -3.933861e-04 -4.693199e-03  3.343371e-03  6.919235e-03  6.281529e-04 -5.703841e-03  1.863011e-04  3.414304e-03 -6.023553e-03
Multipole Power  2    342334     47581
 2  2  4.894302e+03  2.909571e-01  2.913429e-01  2.894627e-01  2.913454e-01  2.899940e-01  2.893118e-01  2.902308e-01  2.902956e-01  2.908547e-01  2.903180e-01
 2  1  1.283617e+03  3.653711e-03 -2.820944e-04 -6.439390e-04  9.002280e-04 -3.953396e-04  1.532241e-03 -7.133182e-05  8.225987e-04  6.270597e-04  2.737985e-04
 2  0  1.880054e+02 -1.567487e-03  5.151860e-04 -6.332212e-04  1.179689e-03  2.252163e-03 -1.458048e-03 -2.920258e-03 -1.728922e-04  9.210245e-04  6.005155e-04
Multipole Power  3    661644     92213
 3  3  1.583266e+04  1.775816e-01  1.746832e-01  1.744194e-01  1.741420e-01  1.742839e-01  1.737769e-01  1.742692e-01  1.746665e-01  1.747937e-01  1.743442e-01
 3  2  6.737976e+03  3.967500e-03 -1.578572e-03 -9.883285e-04  2.400613e-04  7.806137e-05 -6.143146e-05  5.510993e-04  4.106877e-04 -3.302958e-05 -1.070284e-04
 3  1  2.493237e+03  8.598431e-04  1.888250e-03  7.953336e-04  1.672797e-04 -2.972831e-04  2.558805e-04  1.807142e-04  7.971737e-05 -4.944875e-04  4.449269e-04
 3  0  3.641074e+02 -7.310595e-05  1.847936e-03 -1.202725e-04  1.859237e-03  1.657163e-03 -2.295233e-03 -2.596381e-03  1.620700e-03  2.480067e-03 -1.196520e-03
Multipole Power  4   1084186    151191
 4  4  3.970667e+04  1.182244e-01  1.145338e-01  1.134226e-01  1.135488e-01  1.134474e-01  1.136357e-01  1.135536e-01  1.135235e-01  1.134846e-01  1.135052e-01
 4  3  2.147600e+04  4.347594e-03  1.500258e-04  1.769172e-04  7.472368e-05  8.411797e-05  2.191698e-04  2.577056e-05  4.622299e-05 -1.528733e-04 -1.007812e-04
 4  2  1.103279e+04  4.932604e-03 -8.183187e-06  5.463840e-04 -2.724502e-04  2.395997e-04  7.277088e-04  4.401682e-04  4.380747e-04  5.152246e-04  2.665902e-04
 4  1  4.095052e+03  3.039952e-03 -7.458463e-04 -5.010310e-05  3.450364e-04  7.603144e-04 -3.157410e-04  3.545570e-04  3.967550e-04  2.759349e-04  1.402846e-04
 4  0  5.949347e+02  4.126912e-03  1.300904e-03 -2.864385e-04 -8.447301e-04 -3.456967e-04 -1.395164e-03  1.296062e-03 -1.211266e-04 -4.062739e-05 -2.862601e-04
Multipole Power  5   1597760    222875
 5  5  8.301616e+04  8.658068e-02  8.039598e-02  7.954078e-02  7.978872e-02  7.947023e-02  7.950276e-02  7.915581e-02  7.949654e-02  7.965799e-02  7.954310e-02
 5  4  5.184654e+04  6.648810e-03  4.747422e-04  8.434822e-05 -9.994670e-05 -4.088701e-05 -2.805188e-04 -3.815894e-05  2.209236e-05  1.592692e-04 -1.104084e-04
 5  3  3.161294e+04  5.503559e-03 -2.146104e-04  7.588365e-05 -3.192281e-04 -6.906386e-05  1.213734e-04  2.163301e-04  2.738185e-04  1.003444e-04  5.008877e-05
 5  2  1.627266e+04  3.722605e-03  3.492577e-04  4.418137e-04 -1.200440e-04 -5.772068e-05  3.202838e-05  7.345498e-05  3.316575e-04 -1.325426e-05  5.083786e-05
 5  1  6.047040e+03  2.173494e-03 -1.945442e-04 -5.636162e-04  5.456609e-04  6.593979e-04 -5.958606e-04  6.986863e-05 -3.376797e-04 -4.229196e-04 -1.967935e-04
 5  0  8.738942e+02 -1.524503e-04  2.432163e-04  3.194813e-04  2.822779e-04 -3.150078e-04 -3.403148e-04 -7.444521e-04 -1.899848e-03 -1.265052e-03  7.128620e-04
Multipole Power  6   2211744    308873
 6  6  1.558811e+05  6.714620e-02  5.929267e-02  5.894368e-02  5.835501e-02  5.839143e-02  5.841070e-02  5.811726e-02  5.829810e-02  5.838673e-02  5.839452e-02
 6  5  1.059141e+05  8.550556e-03  1.030125e-03  1.992597e-04 -1.317257e-04 -1.929240e-05 -1.732009e-04 -7.950609e-05 -3.550596e-05  1.220647e-04  6.863883e-05
 6  4  7.181723e+04  7.116879e-03  9.010793e-04 -1.292426e-04  9.622415e-06 -1.560502e-04 -1.561432e-04 -3.020377e-04  2.836639e-05 -1.246529e-04  1.487635e-04
 6  3  4.380550e+04  6.465433e-03 -7.145077e-05 -6.005258e-05 -3.276138e-04 -4.293022e-05 -2.519988e-04 -4.807210e-04 -1.145679e-04 -3.459963e-05  8.276411e-05
 6  2  2.249848e+04  3.727844e-03  1.382705e-04 -2.867092e-04 -6.792244e-06 -4.590392e-04 -1.574303e-04 -3.068774e-04  1.860482e-04 -4.837295e-04  2.178618e-05
 6  1  8.362688e+03  2.181745e-03 -3.276839e-04 -5.091694e-04  1.017974e-03 -7.400300e-05 -1.015980e-04 -1.205973e-05 -5.859337e-05 -6.809073e-05 -8.232262e-05
 6  0  1.222221e+03  5.552940e-05  8.398880e-04 -5.415527e-04 -1.996779e-04  3.763354e-04  3.331080e-05  8.094117e-04 -3.386008e-04 -5.096400e-05  8.286393e-04
Multipole Power  7   2909974    407212
 7  7  2.671275e+05  5.556674e-02  4.577400e-02  4.513506e-02  4.498171e-02  4.469464e-02  4.458071e-02  4.472066e-02  4.467411e-02  4.460627e-02  4.473030e-02
 7  6  1.935256e+05  1.053758e-02  8.837398e-04  2.978904e-04  6.024539e-05 -9.018889e-05 -1.133926e-05  1.229249e-05 -4.863612e-05  7.944842e-06  5.665128e-05
 7  5  1.395047e+05  9.349958e-03  8.794249e-04  3.690674e-04  1.211520e-04 -3.566260e-05  3.766084e-06  1.871232e-05  2.715604e-05 -9.122155e-05 -5.975475e-05
 7  4  9.468580e+04  7.372387e-03  4.136356e-04  6.135837e-05 -1.566961e-04  3.031068e-04  4.767688e-05 -1.089580e-04 -1.971782e-04 -5.688350e-05  1.347767e-05
 7  3  5.771903e+04  5.501247e-03  9.485992e-04  1.279110e-04  2.148847e-04 -1.622997e-05  9.275417e-05 -6.841925e-05 -9.392536e-05 -6.490480e-05  3.142421e-05
 7  2  2.963925e+04  4.431005e-03 -3.132255e-04 -9.235583e-05 -3.509450e-04  1.025674e-04  3.880703e-05 -5.713243e-05  2.584498e-05  9.604760e-05  9.709366e-05
 7  1  1.102568e+04  3.244877e-03 -3.939955e-04 -1.730568e-04  1.098325e-03  4.705281e-04 -2.948171e-04 -4.988927e-04 -2.398354e-04 -2.487959e-04 -2.838615e-05
 7  0  1.592766e+03  3.015504e-03  2.085368e-03  9.262146e-04 -3.391092e-04 -1.199336e-04 -4.789948e-04 -1.045872e-04 -4.179065e-04 -2.925951e-06 -4.809092e-04
Multipole Power  8   3690646    517326
 8  8  4.269085e+05  4.858582e-02  3.658897e-02  3.571445e-02  3.557756e-02  3.549904e-02  3.536755e-02  3.543670e-02  3.538510e-02  3.536330e-02  3.530358e-02
 8  7  3.241086e+05  1.242881e-02  1.167821e-03  2.698311e-04  2.230075e-04  2.523400e-05 -3.282252e-05 -4.433591e-05  2.636473e-05 -5.857048e-05 -1.145752e-04
 8  6  2.455749e+05  1.105314e-02  9.754452e-04  4.158918e-04  9.158095e-05  1.122076e-04 -1.325468e-05  8.495288e-05 -3.119518e-05 -1.641484e-04 -6.638447e-05
 8  5  1.770645e+05  9.717411e-03  7.265820e-04  3.257867e-04  1.334272e-04  1.120670e-04  7.265761e-05  9.943917e-05 -1.345765e-04 -7.217390e-05 -1.114841e-04
 8  4  1.201325e+05  8.285554e-03  6.930488e-04  5.810825e-04  1.378462e-04  2.812748e-04  2.813063e-04 -7.713000e-05  5.981172e-05 -6.295046e-06  7.076362e-06
 8  3  7.321930e+04  5.899573e-03  4.221028e-04 -1.395881e-05 -2.379537e-04 -6.883138e-05  8.758882e-05 -5.041409e-05  1.976152e-04 -1.308105e-05 -6.295992e-05
 8  2  3.763031e+04  4.875060e-03  1.948129e-04 -5.633314e-05  1.851558e-04 -3.844732e-05 -3.085834e-05  2.087148e-04  2.068543e-05 -7.736134e-05  1.309252e-04
 8  1  1.396793e+04  3.158281e-03 -2.938669e-04  5.774157e-04 -1.307925e-04  1.112442e-04  4.870237e-05  2.323434e-04  9.616858e-05  1.442880e-04 -2.597628e-06
 8  0  2.015135e+03  1.810169e-03 -2.804807e-04  1.378097e-03 -6.580838e-04 -7.906276e-05  1.649272e-04 -1.019340e-03  5.215499e-04  3.872724e-04 -3.313133e-04
Multipole Power  9   4558724    640370
 9  9  6.498763e+05  4.399154e-02  3.013469e-02  2.903256e-02  2.871847e-02  2.880350e-02  2.869440e-02  2.864217e-02  2.866486e-02  2.855904e-02  2.866691e-02
 9  8  5.096606e+05  1.456060e-02  1.447045e-03  3.289960e-04  2.104781e-04  1.682536e-04  2.727128e-05  6.940020e-06 -1.022582e-04 -6.451745e-05 -1.644411e-05
 9  7  4.011352e+05  1.328349e-02  1.281623e-03  4.024595e-04  1.986001e-04  1.079792e-04 -3.738852e-05  1.361697e-05  4.388773e-06  1.570060e-05 -6.213835e-05
 9  6  3.038109e+05  1.177906e-02  1.010522e-03  3.181667e-04  1.640129e-04  8.812730e-05  3.946744e-05  3.423221e-05  9.813266e-05 -4.891682e-05 -1.220273e-04
 9  5  2.191684e+05  1.004257e-02  6.484174e-04  1.647979e-04  1.675828e-04  1.981498e-05 -2.996793e-05  8.537211e-05  3.816837e-05 -2.969058e-05  7.830029e-05
 9  4  1.485841e+05  8.300757e-03  4.444743e-04  1.032381e-04 -4.115228e-06  9.721084e-05 -1.370348e-05  6.252144e-06 -4.833558e-05  6.761792e-05  3.844649e-05
 9  3  9.050197e+04  6.537941e-03  4.634571e-04  6.363299e-07 -3.306432e-04 -3.002450e-04 -1.492963e-04  8.370239e-06 -9.281188e-05  6.835740e-05  9.095209e-05
 9  2  4.652118e+04  4.906859e-03  3.788033e-04  5.419496e-05 -4.477750e-05  2.296755e-04 -1.054962e-04 -1.598313e-06 -2.795016e-05  1.446331e-04 -5.401479e-05
 9  1  1.728052e+04  2.012857e-03  5.913794e-04  2.085691e-05 -6.700879e-04  3.864414e-04 -1.461958e-04  1.104672e-04 -2.609163e-04  1.952558e-04 -6.821130e-05
 9  0  2.494393e+03  2.001381e-03 -1.580696e-03 -1.385351e-03 -3.895505e-04 -3.819141e-04  3.593136e-04  5.188963e-04  3.104325e-04 -1.431936e-04  2.020236e-04
Multipole Power 10   5491684    773676
10 10  9.440333e+05  4.151606e-02  2.545864e-02  2.437856e-02  2.398147e-02  2.387021e-02  2.379714e-02  2.379463e-02  2.378281e-02  2.370004e-02  2.385450e-02
10  9  7.625872e+05  1.683656e-02  1.621894e-03  4.885182e-04  1.500688e-04  1.032469e-04  1.450760e-04  7.702277e-05 -3.827731e-05  9.117658e-06 -3.911285e-05
10  8  6.156301e+05  1.545118e-02  1.454186e-03  4.423173e-04  1.631570e-04  9.954761e-05  9.357754e-05  2.818240e-05  6.168373e-05 -3.472320e-05 -4.046947e-05
10  7  4.844970e+05  1.408991e-02  1.304639e-03  3.306631e-04  1.520916e-04  1.062912e-04  7.923367e-05  1.857432e-05  1.375058e-05  5.332045e-05  2.462431e-05
10  6  3.670248e+05  1.242190e-02  9.931890e-04  2.193566e-04  2.265423e-04 -1.592136e-05  4.305181e-08 -4.965577e-05  6.185546e-05  1.720269e-04  7.505683e-05
10  5  2.644662e+05  1.063803e-02  5.519159e-04  1.171809e-04  9.870261e-05 -3.428666e-05  1.805734e-05 -5.252183e-05 -6.030783e-05  7.780444e-05  9.301531e-05
10  4  1.793700e+05  8.871847e-03  5.214847e-04  1.712811e-04 -1.013067e-05 -1.734607e-05 -1.537407e-04 -7.893468e-05  6.822048e-05  9.668685e-06  4.405786e-05
10  3  1.092901e+05  7.188512e-03  2.946151e-04  1.852963e-04  2.534431e-04 -1.049091e-04 -8.874859e-05 -1.140835e-05  4.112087e-05 -4.052415e-05 -6.466874e-05
10  2  5.612066e+04  4.834598e-03  1.989929e-05  6.451123e-05  1.579265e-05 -3.438404e-04 -1.752606e-04 -9.702518e-05  7.581836e-05 -3.302343e-05  1.270720e-04
10  1  2.089590e+04  3.110644e-03  1.473556e-04  1.867321e-04 -2.566470e-04 -4.129494e-04 -1.302317e-04 -8.399373e-05 -1.395206e-04 -5.615605e-05 -6.935222e-06
10  0  3.004644e+03  8.157176e-04  7.597316e-04  5.118863e-04 -2.901443e-04  3.201122e-04  1.277591e-04 -1.539703e-05  6.191226e-05  1.252835e-04 -3.120635e-04
Multipole Power 11   6498500    918187
11 11  1.326557e+06  4.039361e-02  2.212962e-02  2.079947e-02  2.039016e-02  2.016253e-02  2.014488e-02  2.008132e-02  2.008170e-02  2.006989e-02  2.005895e-02
11 10  1.094524e+06  1.927246e-02  1.887910e-03  6.948179e-04  1.866142e-04  1.094704e-04  9.007088e-05  1.058232e-04 -5.799517e-06 -2.834848e-05 -9.084502e-07
11  9  9.054580e+05  1.785771e-02  1.618815e-03  5.782243e-04  1.427868e-04  5.870295e-05  1.015150e-04  1.215263e-05 -4.483834e-05  9.572664e-06  2.340418e-05
11  8  7.308766e+05  1.624554e-02  1.488904e-03  4.272594e-04  1.529054e-04  5.888612e-05  1.617072e-04  1.682161e-05  9.033982e-06  3.113815e-05  1.017250e-05
11  7  5.750399e+05  1.448414e-02  1.218137e-03  3.592643e-04  3.091961e-05  1.043342e-04  3.033526e-05  6.961445e-05  7.418225e-05  6.097186e-05  5.632362e-05
11  6  4.357067e+05  1.280271e-02  9.537393e-04  6.031120e-05  1.072217e-04  4.260162e-05 -2.308191e-05 -9.304867e-05 -6.471147e-05 -9.192739e-05  1.499966e-05
11  5  3.139088e+05  1.114954e-02  5.883135e-04 -9.302307e-05  1.650409e-04  5.917412e-05  7.367980e-05 -9.967314e-05 -2.063193e-05  2.245662e-05 -1.722453e-05
11  4  2.127647e+05  9.193226e-03  4.793120e-04  8.264406e-05  5.502925e-05  1.503344e-04 -6.183873e-05 -6.383723e-05  7.617900e-06  1.432893e-05  3.167598e-05
11  3  1.297196e+05  7.307057e-03  3.075060e-05  6.039800e-05  8.981328e-05  1.345719e-04 -4.761863e-05 -7.805930e-05 -2.007636e-05  1.643671e-04  7.350386e-05
11  2  6.659785e+04  5.325046e-03 -1.036756e-06  1.940500e-05  4.298820e-05  7.386225e-05  1.882061e-04 -1.092172e-04 -4.293088e-06 -7.576001e-05 -1.576015e-04
11  1  2.478626e+04  4.061695e-03 -5.603593e-04 -2.894241e-04  3.176724e-04  1.317350e-04 -2.452199e-04 -1.971520e-04  1.423618e-04 -6.214854e-05 -1.578405e-04
11  0  3.570317e+03  2.181714e-03 -1.034608e-03 -1.689313e-04 -1.093715e-04 -3.490731e-04  7.545585e-04  5.254090e-05  3.932955e-04 -2.943267e-04  3.547576e-04
Multipole Power 12   7560008   1071227
12 12  1.800792e+06  4.000588e-02  1.949127e-02  1.791147e-02  1.746343e-02  1.738264e-02  1.727569e-02  1.727417e-02  1.728156e-02  1.724167e-02  1.719995e-02
12 11  1.516712e+06  2.184823e-02  2.174993e-03  6.570425e-04  3.222924e-04  1.052627e-04  1.023926e-04  4.657011e-05  1.839738e-05 -1.462886e-05 -3.712569e-05
12 10  1.276700e+06  2.025995e-02  1.879306e-03  5.616880e-04  2.529028e-04  7.564938e-05  8.449225e-05  4.429578e-05 -4.771177e-06 -2.574245e-05 -2.813474e-05
12  9  1.056148e+06  1.864162e-02  1.666124e-03  5.306090e-04  2.412165e-04  1.193048e-04  2.932881e-05  7.629358e-05  6.683084e-05 -3.579380e-05  2.403166e-06
12  8  8.524612e+05  1.686844e-02  1.509058e-03  4.435627e-04  1.019835e-04 -2.986116e-05  6.713710e-06  6.282633e-05  8.203852e-06  3.719509e-05  5.826791e-05
12  7  6.705018e+05  1.503977e-02  1.172594e-03  2.246344e-04 -5.345004e-05 -3.845740e-05  2.087305e-05 -5.695947e-05 -7.731204e-05 -6.725933e-06 -4.892682e-05
12  6  5.078949e+05  1.319741e-02  9.750450e-04  1.450085e-04  5.448574e-05  5.620805e-05  9.062823e-06  1.341743e-05 -2.071691e-05 -7.521429e-05 -2.976175e-05
12  5  3.659264e+05  1.123908e-02  7.071309e-04  6.636977e-05 -6.438854e-05  1.490357e-05  4.195691e-05  4.037319e-05  1.012198e-05 -2.777257e-05 -1.611145e-05
12  4  2.480420e+05  9.382542e-03  5.205149e-04 -7.736855e-05 -3.907639e-05 -8.896307e-05  1.302419e-05 -4.770517e-05 -8.660998e-05 -4.103275e-05 -3.876027e-05
12  3  1.511330e+05  7.415490e-03  4.126000e-04  2.838493e-06  1.441374e-05  1.084894e-04  2.138738e-04  6.242633e-06  4.477170e-05  1.177237e-05 -3.885905e-05
12  2  7.763675e+04  5.483683e-03 -2.204448e-04 -1.154116e-06 -2.070322e-04  9.826618e-05 -1.986720e-05 -8.865420e-05  3.448514e-05  5.278384e-05  4.259677e-05
12  1  2.888671e+04  3.534855e-03 -3.803900e-04  1.359173e-04  1.457797e-04 -1.408461e-05 -7.821112e-05 -1.866075e-04  1.737830e-04 -1.670380e-05  4.200913e-05
12  0  4.163370e+03  1.058660e-03 -1.065963e-03  3.424361e-04  9.325866e-05  2.115313e-04  4.312843e-04  5.711420e-04 -7.220534e-04  4.479147e-04 -1.497973e-04
Multipole Power 13   8684358   1234359
13 13  2.388121e+06  4.041398e-02  1.747996e-02  1.571422e-02  1.526695e-02  1.515775e-02  1.499366e-02  1.499976e-02  1.500449e-02  1.500894e-02  1.492500e-02
13 12  2.040456e+06  2.440378e-02  2.447863e-03  7.448428e-04  3.281968e-04  1.609947e-04  6.389640e-05  5.303496e-05  5.628143e-05  1.895694e-05 -6.591589e-06
13 11  1.747915e+06  2.290614e-02  2.189589e-03  6.752147e-04  2.717341e-04  1.003171e-04  2.034157e-05  1.067434e-04  4.534122e-05 -2.792661e-06  2.645456e-05
13 10  1.471324e+06  2.123201e-02  1.990196e-03  5.337301e-04  2.618538e-04  6.537015e-05  8.314220e-05  8.000547e-05  3.533693e-05 -1.603354e-05  8.260912e-07
13  9  1.216839e+06  1.948037e-02  1.598072e-03  4.436869e-04  1.819538e-04  7.415451e-05  5.085924e-05  5.722401e-05  4.489546e-05  4.890672e-05 -1.322255e-05
13  8  9.817612e+05  1.752990e-02  1.316748e-03  3.416434e-04  7.327935e-05 -6.528396e-05 -9.515380e-06  3.441079e-05  3.367512e-06 -5.360869e-05 -7.007160e-05
13  7  7.723110e+05  1.563359e-02  1.014596e-03  3.182757e-04  3.698863e-05  3.121058e-05  1.099576e-05  8.237549e-05  1.406100e-05  1.795911e-05 -3.098122e-05
13  6  5.848645e+05  1.371209e-02  7.691716e-04  1.873044e-04  1.461084e-06 -1.425878e-05  8.801621e-05  3.747404e-05  3.905411e-05  5.806089e-06 -6.781187e-05
13  5  4.214958e+05  1.158271e-02  6.997144e-04  7.539756e-05 -6.551993e-05  2.332065e-05  5.109305e-05 -3.482998e-05  8.202256e-05  2.371357e-05 -6.698594e-05
13  4  2.856567e+05  9.534568e-03  5.016195e-04  7.547495e-05 -5.754328e-05 -8.047728e-06 -6.507110e-05  2.877237e-05  6.819191e-05 -1.097185e-05 -1.506454e-05
13  3  1.740878e+05  7.623336e-03  1.062608e-04  4.690057e-05  1.238153e-05 -3.440754e-05 -6.733621e-05  1.985716e-05  9.243479e-05 -4.847978e-06 -6.573542e-05
13  2  8.936700e+04  5.670073e-03  7.209030e-04  1.029628e-04 -8.656407e-05  3.366855e-06  1.807756e-04  1.382064e-04  4.691505e-05  7.142521e-06  8.150163e-06
13  1  3.326202e+04  3.283973e-03 -4.249843e-04 -1.730121e-04  1.566188e-05  6.365405e-05  2.335404e-05  1.987547e-04 -5.625696e-05  6.978817e-05  8.585342e-05
13  0  4.798507e+03  1.676485e-03 -9.058651e-04  1.526570e-05  1.321528e-04  2.551839e-04 -9.353181e-04 -2.906501e-04 -1.016868e-04 -1.856356e-04 -3.965283e-04
Multipole Power 14   9864452   1406990
14 14  3.100426e+06  4.147668e-02  1.587224e-02  1.403272e-02  1.343074e-02  1.328515e-02  1.317949e-02  1.312213e-02  1.311945e-02  1.314580e-02  1.311383e-02
14 13  2.683083e+06  2.724381e-02  2.651580e-03  8.731589e-04  3.441880e-04  1.976075e-04  5.776829e-05  3.645721e-05  2.740014e-05  4.653885e-05  1.326227e-05
14 12  2.326500e+06  2.557030e-02  2.490545e-03  7.736432e-04  3.068684e-04  1.409555e-04  3.538289e-05  5.486046e-05  4.015437e-05  4.060889e-05  5.077348e-06
14 11  1.992857e+06  2.393297e-02  2.146426e-03  6.665523e-04  2.481790e-04  1.339344e-04  5.003450e-05 -8.154409e-06  7.227508e-05  2.683325e-05 -8.730795e-07
14 10  1.676822e+06  2.211862e-02  1.864538e-03  5.213717e-04  1.488976e-04  9.596521e-05 -7.266249e-06  4.541810e-05  2.516490e-05  9.479497e-06  4.863599e-05
14  9  1.386904e+06  2.019392e-02  1.502452e-03  4.024834e-04  1.411859e-04 -2.702930e-06 -1.876830e-05  5.771091e-05 -2.138154e-06 -1.062552e-05 -4.622340e-05
14  8  1.118939e+06  1.815166e-02  1.276448e-03  4.259767e-04  5.143420e-05 -3.373126e-05 -1.326395e-05  3.188488e-05  6.862597e-05 -1.248708e-05 -7.677604e-05
14  7  8.801105e+05  1.621168e-02  1.005076e-03  3.370718e-04  3.170585e-05  3.619103e-05  5.481665e-05  6.975576e-05  3.087988e-05 -4.361583e-05  4.541103e-05
14  6  6.666169e+05  1.405347e-02  7.486869e-04  1.201497e-04  9.922491e-07 -4.979652e-05 -2.161409e-05  3.594361e-05 -8.273067e-06 -4.229002e-05  8.614704e-06
14  5  4.801692e+05  1.195880e-02  5.210979e-04  1.484726e-04  5.183581e-06 -5.066857e-05  3.678164e-05  1.234265e-05  2.641279e-06  2.574416e-05 -1.402553e-05
14  4  3.254824e+05  9.845427e-03  4.896275e-04  1.315864e-04 -8.095061e-05 -5.871107e-05 -1.092058e-04 -5.763987e-05 -4.447249e-05  3.129157e-05  2.030290e-05
14  3  1.983044e+05  7.652389e-03  3.365857e-04 -5.006593e-05 -2.278763e-05  1.302202e-04 -3.395368e-06 -1.651052e-04  3.990741e-05  3.130645e-05  5.990028e-05
14  2  1.017743e+05  5.374839e-03  1.138994e-04 -1.557308e-04 -1.134406e-04 -4.717476e-05 -1.830355e-04 -8.351521e-07  1.249720e-04 -2.732382e-05  6.292577e-05
14  1  3.787520e+04  2.994511e-03  2.780852e-05  4.050630e-05 -8.340258e-06 -1.387630e-04 -4.922846e-05  1.148333e-04 -2.808052e-04  2.225166e-05  1.096993e-04
14  0  5.461704e+03  1.709968e-03 -1.524627e-04 -2.969855e-04 -6.514721e-04 -7.901963e-05 -4.586753e-04 -4.447267e-05 -3.282438e-04 -1.010390e-04  7.329084e-05
Multipole Power 15  11086500   1586868
15 15  3.944036e+06  4.298559e-02  1.464303e-02  1.258258e-02  1.199789e-02  1.179385e-02  1.172185e-02  1.167777e-02  1.165049e-02  1.162415e-02  1.160490e-02
15 14  3.453241e+06  3.013829e-02  2.929650e-03  9.462159e-04  3.601859e-04  2.090658e-04  1.280172e-04  5.190685e-05  4.276404e-05  5.080973e-05  2.859775e-05
15 13  3.027462e+06  2.846903e-02  2.709497e-03  8.905491e-04  3.317176e-04  1.746809e-04  9.809401e-05  4.202239e-05  3.648067e-05  3.173744e-05  3.313937e-05
15 12  2.625183e+06  2.672689e-02  2.413036e-03  7.278082e-04  2.825480e-04  1.762913e-04  7.375385e-05  4.429965e-05  3.547838e-05  3.590804e-05  5.069062e-05
15 11  2.248195e+06  2.465707e-02  2.180181e-03  5.906884e-04  2.470281e-04  8.273865e-05  2.835647e-05 -1.374398e-05  3.157978e-05  4.752544e-05 -4.124462e-06
15 10  1.891396e+06  2.282527e-02  1.863248e-03  4.815013e-04  1.677146e-04  3.802926e-05 -2.796130e-05 -3.630091e-05  2.825217e-05 -9.451673e-06  9.651664e-06
15  9  1.564021e+06  2.085700e-02  1.512569e-03  3.986626e-04  1.289898e-04  4.459969e-05 -5.352155e-05  5.771420e-05  3.191158e-05 -1.299536e-05  3.361734e-07
15  8  1.261944e+06  1.879874e-02  1.300021e-03  2.300088e-04  1.102519e-04 -1.195823e-05  2.118294e-05  4.865469e-05  1.073083e-05  5.367108e-05  2.818094e-05
15  7  9.922546e+05  1.666599e-02  9.456232e-04  3.252315e-04 -5.656873e-06 -5.673648e-05 -4.046814e-05  2.102221e-05  2.074151e-05  6.441059e-06 -2.325005e-05
15  6  7.514389e+05  1.443583e-02  7.409590e-04  1.248542e-04  1.106037e-05 -5.279691e-06 -5.866284e-05  1.297991e-05  9.901932e-06  1.686472e-05 -3.891556e-06
15  5  5.414162e+05  1.227496e-02  4.525266e-04  1.968015e-04  3.674473e-05 -9.693643e-06 -1.035918e-04  6.650861e-05 -4.596190e-06 -2.516383e-05  3.647900e-05
15  4  3.669603e+05  1.003093e-02  3.611719e-04  1.034264e-04  8.325709e-05 -4.455282e-05  3.077589e-05 -3.494197e-05 -1.069996e-04 -9.741068e-05  4.645673e-05
15  3  2.235486e+05  7.741416e-03  2.301310e-04  1.798882e-04 -1.353233e-04 -1.466206e-04  9.307319e-05  3.292659e-05  1.113812e-05 -5.488720e-05  1.467078e-05
15  2  1.148395e+05  5.412983e-03  2.769131e-04  3.459189e-05 -1.209620e-05  1.514488e-05 -9.476807e-05  2.513992e-05 -6.254241e-05  2.048104e-06  1.277970e-04
15  1  4.271206e+04  3.625970e-03  3.784146e-04 -9.613084e-05 -4.544192e-05  4.944776e-05  1.183195e-04 -4.350006e-06 -2.045660e-04 -2.669489e-05 -7.324699e-05
15  0  6.152665e+03  1.971553e-03 -1.025009e-03  1.608402e-04 -3.962187e-04  2.329113e-04 -2.987452e-04 -1.144327e-04  3.873320e-06 -1.499957e-04 -2.171479e-05
Multipole Power 16  12345100   1774310
16 16  4.931425e+06  4.499292e-02  1.374379e-02  1.146070e-02  1.085984e-02  1.059451e-02  1.051215e-02  1.046458e-02  1.041340e-02  1.041615e-02  1.038837e-02
16 15  4.361156e+06  3.328852e-02  3.222858e-03  1.031797e-03  4.407979e-04  2.506966e-04  1.393973e-04  6.770341e-05  2.041157e-05  3.792874e-05  5.939319e-05
16 14  3.863401e+06  3.152451e-02  2.990858e-03  9.752394e-04  3.999864e-04  1.947973e-04  1.057622e-04  5.312083e-05 -1.228610e-05  4.119623e-05  2.948617e-05
16 13  3.386458e+06  2.961591e-02  2.721925e-03  8.396447e-04  3.406865e-04  1.938049e-04  9.813446e-05  4.145656e-05  1.629047e-05  3.934301e-05  4.258122e-05
16 12  2.936220e+06  2.768496e-02  2.436267e-03  7.298118e-04  2.573210e-04  1.109099e-04  6.587671e-05 -3.852513e-05  1.140713e-05  4.804092e-05  3.903029e-05
16 11  2.514144e+06  2.567072e-02  2.148051e-03  5.983668e-04  1.497420e-04  7.800631e-05 -4.760143e-06 -2.565609e-05 -1.701505e-05  1.784839e-05  3.160001e-05
16 10  2.115336e+06  2.361905e-02  1.857777e-03  4.694860e-04  1.470594e-04  3.562341e-05 -2.385097e-05 -2.304303e-05 -4.776766e-06  4.398702e-05 -1.019647e-05
16  9  1.749002e+06  2.157018e-02  1.519214e-03  3.282623e-04  9.412061e-05  2.968474e-05  6.387789e-06 -2.079701e-05  8.727819e-05  1.603546e-05  1.076152e-05
16  8  1.410872e+06  1.938122e-02  1.229094e-03  2.708876e-04  7.143223e-05  1.879432e-05 -7.219554e-05 -7.690378e-06  1.860648e-06 -6.223160e-06  3.180389e-05
16  7  1.109629e+06  1.713499e-02  9.313989e-04  1.942801e-04  1.186556e-04 -5.081445e-06 -5.136117e-05  3.809383e-06 -5.806170e-06  4.054648e-05  8.956338e-06
16  6  8.402495e+05  1.488148e-02  6.292924e-04  1.864882e-04  4.926381e-05  2.572482e-05 -2.589403e-05 -2.522774e-05 -4.504470e-05  8.920741e-07 -4.808091e-05
16  5  6.053398e+05  1.265178e-02  4.133390e-04  1.100269e-04  5.845571e-05  3.696348e-06  1.837437e-05 -2.380522e-05  1.741055e-05 -9.690688e-06 -4.431491e-05
16  4  4.102743e+05  1.027265e-02  3.299476e-04  8.460740e-05  6.483131e-05 -9.188844e-05 -1.955857e-05  1.013614e-04  5.539021e-05 -1.961108e-05 -3.413470e-05
16  3  2.500378e+05  8.000644e-03 -8.794628e-06  5.695022e-05  4.124292e-05 -9.014309e-05 -1.714826e-05  1.140948e-04 -1.049077e-05  6.329624e-06  2.481409e-05
16  2  1.283460e+05  5.597143e-03  1.565944e-04  1.754019e-04 -5.249942e-05 -9.822710e-05  1.046808e-04  7.749762e-05 -7.533186e-05 -7.872315e-05  2.221044e-05
16  1  4.781273e+04  3.536128e-03 -4.828435e-05  1.351468e-04 -8.339031e-05  5.926116e-05 -8.748772e-05 -4.741097e-05  1.999037e-05 -1.632838e-04 -4.458612e-05
16  0  6.897866e+03  1.242262e-03 -1.712771e-03 -2.161414e-04 -3.132719e-04 -6.698371e-05 -1.951227e-04 -2.086473e-04  7.334865e-04  1.457431e-04 -1.810870e-04
Multipole Power 17  13663452   1971370
17 17  6.089816e+06  4.731719e-02  1.299429e-02  1.057002e-02  9.885025e-03  9.585198e-03  9.494180e-03  9.437702e-03  9.393821e-03  9.374242e-03  9.340365e-03
17 16  5.425903e+06  3.659030e-02  3.528980e-03  1.164432e-03  4.917154e-04  2.566270e-04  1.429067e-04  8.137971e-05  6.082453e-05  2.518455e-05  2.892703e-05
17 15  4.848335e+06  3.466359e-02  3.263353e-03  1.089695e-03  4.281812e-04  2.058699e-04  1.310401e-04  7.899930e-05  5.390536e-05 -2.245134e-06  2.523589e-05
17 14  4.294110e+06  3.277905e-02  3.008485e-03  9.882721e-04  3.866630e-04  1.770750e-04  8.943213e-05  8.082199e-05  1.664073e-05  1.149910e-05  5.955589e-05
17 13  3.763301e+06  3.073596e-02  2.705933e-03  8.298713e-04  2.858328e-04  1.409693e-04  7.674528e-05  1.476096e-05 -1.988922e-05  2.522718e-05  2.315768e-05
17 12  3.262343e+06  2.863774e-02  2.355207e-03  6.961356e-04  2.321034e-04  1.101998e-04  4.792091e-05 -1.110229e-05 -5.076687e-05 -8.092681e-06 -4.662210e-06
17 11  2.793554e+06  2.649787e-02  2.118998e-03  5.726559e-04  1.802824e-04  8.638372e-05  5.154465e-05 -1.228381e-05 -2.409972e-05 -2.754451e-06  2.534834e-05
17 10  2.349941e+06  2.430231e-02  1.758293e-03  4.283989e-04  9.846965e-05  5.033371e-05  2.717487e-05 -1.039802e-05  1.589462e-05  2.986861e-05  6.156974e-05
17  9  1.943147e+06  2.214018e-02  1.489778e-03  2.587327e-04  9.546013e-05  5.730300e-05 -4.993835e-05 -1.767445e-05 -2.900801e-05  1.622879e-05 -1.277632e-05
17  8  1.567572e+06  1.985614e-02  1.161790e-03  2.635464e-04  5.888426e-05  1.401893e-05  5.207505e-07 -3.011963e-05 -1.263668e-05  2.308013e-05  2.222556e-06
17  7  1.232475e+06  1.766821e-02  8.621813e-04  1.279926e-04  1.086989e-05  3.235120e-05 -7.729695e-05 -7.592927e-06 -2.815928e-05 -2.769865e-05  1.897670e-05
17  6  9.333568e+05  1.525930e-02  7.195352e-04  8.260314e-05  1.206969e-04  4.961123e-05  1.422771e-05  6.660604e-06 -5.248819e-06  6.484406e-05  2.888934e-05
17  5  6.724999e+05  1.288914e-02  3.513870e-04  4.034410e-05  9.379231e-05  3.246840e-06  3.020068e-05 -1.408643e-05  1.399221e-05  7.953743e-05  1.042454e-05
17  4  4.558291e+05  1.054499e-02  1.509895e-04  4.972814e-06  7.563068e-05  3.667725e-05  3.340315e-05 -7.394327e-05 -8.463344e-06 -7.709146e-06 -2.164405e-05
17  3  2.776664e+05  8.429983e-03  2.634497e-06  2.102389e-05  2.217386e-05  1.361784e-04 -1.452437e-04 -8.327860e-05  2.327923e-05  2.297323e-05 -1.178510e-05
17  2  1.426830e+05  6.022959e-03 -7.536556e-06 -2.088253e-04  2.371580e-04  1.026998e-04 -1.625167e-04 -1.390168e-04  4.217992e-05 -5.941078e-05  4.807334e-05
17  1  5.308337e+04  3.711972e-03 -6.569277e-05 -7.044692e-05 -5.902782e-06 -5.508045e-05  4.371656e-05  8.132468e-05 -1.320493e-04  8.407729e-05 -3.489897e-05
17  0  7.668638e+03  1.659519e-03 -6.744574e-04 -1.122721e-04 -6.497833e-04 -2.771609e-04 -1.607045e-04  1.944701e-04  6.677958e-05 -1.961863e-05  2.387564e-04

# Total Time:  1.3 s
# Prologue:  0.092 s ( 7.2%)
# Epilogue:  0.001 s ( 0.1%)
# IO Time:   0.000 s ( 0.0%)
# Pairs:     1.198 s (92.8%)
