Box Size =  1e+03
Grid = 8
Maximum Radius =  2e+02
Radius in Grid Units =   1.44
Bins = 18
Order = 10
# Found 200000 particles from /mnt/store1/oliverphilcox/3PCF_test/rand_periodic_box.txt
# Rescaling input positions by factor 1.000000
# Done reading the particles
# Range of x positions are   0.00 to 1000.00
# Range of y positions are   0.01 to 999.99
# Range of z positions are   0.00 to 1000.00
# Biggest range is 1000.00
# Setting periodic box-size to 1000.00
# Allocating  6.866 MB of particles
# Allocating  0.004 MB of cells

There are 512 filled cells compared with 512 total cells.
# Done gridding the particles
# 200000 particles in use, 200000 with positive weight
# Weights: Positive particles sum to 200000.000000
#          Negative particles sum to 0.000000
Average number of particles per grid cell = 3.9e+02
Average number of particles per max_radius ball = 4.9e+03
# Running on 40 threads.
# We counted  977212662 pairs within 180.000000.
# Average of 4886.063310 pairs per primary particle.
# We expected 977161088 pairs, off by 1.000053.
# Done counting the pairs
# Bin 0 counter for thread  0:      5073
# Bin 0 counter for thread  1:      5225
# Bin 0 counter for thread  2:      5152
# Bin 0 counter for thread  3:      2590
# Bin 0 counter for thread  4:      2675
# Bin 0 counter for thread  5:      2614
# Bin 0 counter for thread  6:      5174
# Bin 0 counter for thread  7:      5241
# Bin 0 counter for thread  8:      5093
# Bin 0 counter for thread  9:      2637
# Bin 0 counter for thread 10:      2673
# Bin 0 counter for thread 11:      2647
# Bin 0 counter for thread 12:      2811
# Bin 0 counter for thread 13:      5301
# Bin 0 counter for thread 14:      5252
# Bin 0 counter for thread 15:      2661
# Bin 0 counter for thread 16:      2540
# Bin 0 counter for thread 17:      2774
# Bin 0 counter for thread 18:      5135
# Bin 0 counter for thread 19:      5399
# Bin 0 counter for thread 20:      5154
# Bin 0 counter for thread 21:      2789
# Bin 0 counter for thread 22:      5085
# Bin 0 counter for thread 23:      5137
# Bin 0 counter for thread 24:      5500
# Bin 0 counter for thread 25:      2617
# Bin 0 counter for thread 26:      2723
# Bin 0 counter for thread 27:      4979
# Bin 0 counter for thread 28:      5283
# Bin 0 counter for thread 29:      5278
# Bin 0 counter for thread 30:      4953
# Bin 0 counter for thread 31:      5154
# Bin 0 counter for thread 32:      5165
# Bin 0 counter for thread 33:      5263
# Bin 0 counter for thread 34:      2614
# Bin 0 counter for thread 35:      4814
# Bin 0 counter for thread 36:      4805
# Bin 0 counter for thread 37:      2702
# Bin 0 counter for thread 38:      5109
# Bin 0 counter for thread 39:      2885

# Binned weighted pair counts, monopole and quadrupole
Pairs  0    166676       104
Pairs  1   1175156        92
Pairs  2   3181276        10
Pairs  3   6208240     -2715
Pairs  4  10218740     -1640
Pairs  5  15250458      4628
Pairs  6  21280790      -620
Pairs  7  28322106     -7112
Pairs  8  36376338      3915
Pairs  9  45425086      3131
Pairs 10  55461382      6284
Pairs 11  66521140      4404
Pairs 12  78572256     -2939
Pairs 13  91667914      -653
Pairs 14 105720734      3896
Pairs 15 120796428      5909
Pairs 16 136902712      3584
Pairs 17 153965230      -152

# Multipole power
Multipole Power  0    166676    166676
 0  0  3.054240e+05  5.434000e-01  5.459740e-01  5.456654e-01  5.465453e-01  5.454637e-01  5.454573e-01  5.459428e-01  5.457062e-01  5.461949e-01  5.459264e-01
Multipole Power  1   1175156   1175156
 1  1  8.082960e+06  1.450251e-01  1.449943e-01  1.447320e-01  1.450495e-01  1.451388e-01  1.453522e-01  1.452727e-01  1.453246e-01  1.453355e-01  1.455618e-01
 1  0  9.797380e+05 -3.630988e-04  1.791057e-04 -2.834137e-04 -7.571229e-05  1.031992e-04 -2.217234e-04  1.058449e-04  1.880703e-04 -1.192199e-04 -8.289936e-05
Multipole Power  2   3181276   3181276
 2  2  5.380711e+07  5.904964e-02  5.881434e-02  5.899523e-02  5.906516e-02  5.899372e-02  5.892649e-02  5.902898e-02  5.908740e-02  5.906513e-02  5.907613e-02
 2  1  1.869803e+07  6.260712e-06  1.375918e-05  1.775623e-04 -4.285656e-05 -2.313486e-04 -3.477615e-05  2.518700e-05  8.601608e-05 -1.761469e-06  3.464683e-05
 2  0  2.653817e+06  1.126729e-04  3.961302e-04 -1.951579e-04  2.857115e-04  1.941577e-04  6.726655e-05 -1.088422e-04  1.164152e-04 -1.166630e-04  8.739954e-05
Multipole Power  3   6208240   6208240
 3  3  1.989391e+08  3.122014e-02  3.115181e-02  3.115628e-02  3.114398e-02  3.111650e-02  3.113694e-02  3.112571e-02  3.108060e-02  3.109902e-02  3.111046e-02
 3  2  9.878827e+07  1.518825e-04  4.059153e-05 -2.496882e-05 -1.025717e-05 -5.575658e-05  3.894917e-05 -5.581803e-05 -1.202786e-04 -7.807658e-05  3.926696e-05
 3  1  3.649291e+07  1.772835e-04 -1.570814e-04 -5.547531e-05 -7.843035e-07  2.024813e-04  5.060274e-05 -7.878405e-05 -1.967474e-05  9.149188e-05  2.926870e-05
 3  0  5.174427e+06  1.493670e-04  9.509171e-05  2.959662e-05  1.337236e-04  8.042512e-06  2.570773e-04  9.601621e-05  3.800527e-05 -1.162644e-07 -2.325112e-05
Multipole Power  4  10218740  10218740
 4  4  5.324496e+08  1.915204e-02  1.921428e-02  1.918836e-02  1.911577e-02  1.915796e-02  1.915167e-02  1.914590e-02  1.916849e-02  1.915513e-02  1.913573e-02
 4  3  3.172935e+08  4.255470e-05  4.299137e-05 -1.985747e-05  1.072433e-05 -8.896937e-06 -3.633418e-05  1.742110e-05  2.880706e-05 -3.473546e-05 -5.911778e-05
 4  2  1.625898e+08  4.471089e-05  7.703342e-06  1.897958e-05 -7.913972e-05 -4.152591e-05  3.444269e-06  4.307548e-05  7.588197e-05  1.484758e-05 -1.916626e-05
 4  1  6.006390e+07  9.713267e-05  2.608001e-05 -7.770020e-08  1.819387e-05 -1.040490e-04 -1.128041e-04 -8.383434e-06 -6.861084e-06  2.427862e-05  5.071678e-05
 4  0  8.517682e+06 -4.841875e-05  1.639943e-04  8.596833e-05 -2.119970e-05 -9.442109e-05  7.581058e-05  7.770306e-05  1.385912e-05 -5.263673e-05  3.414847e-05
Multipole Power  5  15250458  15250458
 5  5  1.178347e+09  1.296309e-02  1.290044e-02  1.297154e-02  1.291736e-02  1.286724e-02  1.290915e-02  1.292370e-02  1.289490e-02  1.291628e-02  1.291621e-02
 5  4  7.794954e+08  8.238608e-06  4.290665e-05  4.392255e-05 -1.136531e-05 -5.502540e-06  5.510985e-06 -2.189308e-05 -9.152974e-06  1.895085e-05  1.372624e-05
 5  3  4.735364e+08 -2.105921e-05  6.767226e-05 -2.505573e-05 -3.425215e-05 -1.647813e-05 -7.994044e-06 -1.710992e-05  3.707966e-06  3.673949e-05  2.167008e-05
 5  2  2.426409e+08  7.431728e-05  7.764157e-05  5.424073e-06  2.237003e-05  1.944995e-05 -5.925741e-05 -1.858520e-05 -1.016169e-05 -1.142281e-05  1.438372e-07
 5  1  8.962604e+07 -1.891796e-05 -1.021506e-04  1.837540e-05  7.451603e-06  3.493625e-05  1.206044e-05  9.340683e-06 -1.173108e-05 -3.171008e-06 -4.431762e-05
 5  0  1.271220e+07  1.366294e-05 -1.315322e-04  6.062326e-05  6.890655e-05  2.420307e-05 -1.049504e-05 -2.329578e-05  1.253099e-05 -4.804054e-05  2.860047e-05
Multipole Power  6  21280790  21280790
 6  6  2.285898e+09  9.374496e-03  9.273173e-03  9.278013e-03  9.293393e-03  9.290012e-03  9.271417e-03  9.269579e-03  9.290739e-03  9.294625e-03  9.280295e-03
 6  5  1.623116e+09  6.986459e-05 -4.482160e-06  3.521049e-05  3.751553e-05 -1.540897e-05 -2.356984e-05  1.452213e-05  7.964146e-06  1.142342e-07  2.232134e-06
 6  4  1.087635e+09  4.107847e-05  1.663383e-06  5.321908e-05  8.225420e-06 -3.584650e-05  5.136168e-06  2.125139e-05 -3.370872e-05 -2.232474e-05  7.233361e-06
 6  3  6.607470e+08 -1.121622e-05  4.640015e-05  8.036096e-05 -1.102748e-05 -1.222695e-05  2.103798e-05  1.388902e-05 -2.351390e-06 -2.887353e-05  2.879756e-06
 6  2  3.385883e+08 -5.136447e-05  2.989493e-05  2.160607e-05 -7.885753e-06 -6.577038e-06  3.187542e-05  5.478557e-07  2.849762e-06 -1.482333e-05  1.459159e-05
 6  1  1.250522e+08 -3.189582e-05  1.184099e-04 -3.210528e-05 -9.812373e-05  1.018750e-05 -7.924780e-06 -1.402782e-05 -9.042559e-06  1.692469e-05 -5.852734e-06
 6  0  1.773756e+07 -2.947414e-05  1.279285e-05 -2.595705e-05 -1.126133e-04  1.772369e-05 -7.393894e-05  8.880657e-05 -8.092584e-05  3.225602e-05 -7.440345e-06
Multipole Power  7  28322106  28322106
 7  7  4.039666e+09  7.057443e-03  6.999516e-03  6.998533e-03  7.006360e-03  7.026206e-03  7.009195e-03  6.985193e-03  6.994569e-03  6.991145e-03  7.010884e-03
 7  6  3.014280e+09  6.978043e-05 -8.355233e-07 -1.689429e-05  4.675143e-05  3.776376e-05  4.110880e-06 -1.574381e-05 -7.887365e-06  1.407650e-05  8.897702e-08
 7  5  2.160091e+09  5.898436e-05 -3.962854e-05  2.594442e-05  2.920363e-05  1.206135e-05 -2.183469e-05 -1.641873e-05  3.797848e-06  1.380907e-06 -7.837362e-06
 7  4  1.447374e+09  4.006939e-05 -6.302990e-06  3.416469e-05  5.913739e-05  3.214650e-06 -2.650783e-05  1.418918e-05  1.335228e-05 -1.768590e-06 -6.520392e-06
 7  3  8.793050e+08 -8.957618e-06 -3.157991e-05  5.598368e-05  1.956338e-05 -4.742390e-05 -9.032551e-06  1.947469e-05  1.251476e-05 -1.557734e-07 -1.665433e-05
 7  2  4.506565e+08 -1.902038e-05 -3.506642e-05  3.152845e-05  2.603129e-06 -2.906243e-05 -1.058876e-05 -1.888926e-05  1.608507e-05  5.400657e-06  9.035747e-06
 7  1  1.664613e+08 -2.187867e-05 -1.325625e-05  5.992006e-05 -3.687253e-05  7.708236e-06 -2.650028e-05  2.413557e-06 -6.973820e-06  5.595631e-06 -2.467815e-05
 7  0  2.361389e+07 -5.149346e-06 -1.445958e-04  6.304838e-05 -6.535186e-05 -3.480891e-05  1.224202e-04 -8.834451e-07 -1.181609e-04 -9.492046e-06  4.729310e-05
Multipole Power  8  36376338  36376338
 8  8  6.653296e+09  5.516423e-03  5.463941e-03  5.443127e-03  5.447310e-03  5.463321e-03  5.477874e-03  5.456947e-03  5.449317e-03  5.441862e-03  5.452728e-03
 8  7  5.152111e+09  9.627972e-05  1.539231e-05 -4.191244e-06  8.684426e-06  9.055487e-06  2.558993e-05 -6.353996e-06 -1.791979e-05 -2.957322e-06 -1.820560e-06
 8  6  3.871281e+09  8.171815e-05 -9.851924e-07 -1.117526e-05 -1.823426e-06  2.806620e-05  9.719433e-06 -2.446402e-05 -1.458431e-05 -1.252135e-05  7.258493e-07
 8  5  2.774269e+09  8.550172e-05  9.738244e-06 -8.651777e-06  3.534388e-05  2.731486e-05  7.250387e-06 -9.529862e-06 -8.956485e-06  1.219332e-05  1.580376e-05
 8  4  1.858889e+09  7.691393e-05 -2.867684e-05 -2.636518e-05  1.495794e-05  8.298571e-06 -1.315883e-05 -2.411113e-05 -6.986980e-06  1.681603e-05  8.789799e-06
 8  3  1.129379e+09  6.392522e-05 -3.581067e-05 -7.856096e-06  3.059067e-05  9.271196e-06 -1.039343e-05 -7.527836e-06 -5.474156e-06  5.614152e-06 -7.332762e-06
 8  2  5.787158e+08  1.634571e-05 -8.435739e-05  7.951415e-06  2.110409e-05 -7.230780e-06  8.021288e-06  8.381920e-06  1.483528e-06 -1.977451e-05 -1.249271e-05
 8  1  2.137774e+08  7.890886e-06 -6.678217e-05  5.271431e-05 -4.695829e-05 -4.875280e-05  2.950813e-06  1.630519e-05 -1.646441e-05  1.504065e-05  5.841632e-06
 8  0  3.032797e+07  3.129561e-06 -9.649892e-05 -8.179349e-05 -4.051045e-05 -8.362160e-05  1.261245e-04 -7.338000e-07 -3.421668e-05 -5.412405e-05  7.333607e-06
Multipole Power  9  45425086  45425086
 9  9  1.036364e+10  4.422796e-03  4.420665e-03  4.362616e-03  4.375616e-03  4.379467e-03  4.381510e-03  4.386329e-03  4.380182e-03  4.366401e-03  4.357115e-03
 9  8  8.263006e+09  7.205989e-05  2.564389e-05 -1.125744e-05 -2.390587e-07  9.314256e-06  1.313743e-05  1.203213e-05  1.144417e-07 -1.360532e-05 -9.175309e-06
 9  7  6.433371e+09  7.350270e-05  6.218180e-06 -1.602346e-05  4.054465e-06  7.583539e-07  1.159656e-05  1.304642e-05 -1.396789e-05 -1.783102e-05 -2.910136e-06
 9  6  4.833956e+09  6.688346e-05  4.189466e-06 -1.993913e-05  8.743019e-06  2.246825e-05  3.777940e-05  2.199336e-06 -1.760966e-05 -6.062945e-06 -5.182260e-06
 9  5  3.464218e+09  4.685661e-05 -1.862225e-05 -1.868588e-05 -1.927830e-05  2.318357e-05  2.101925e-05 -5.066212e-06 -2.355764e-06 -1.661999e-05  1.033793e-05
 9  4  2.321256e+09  4.314877e-05 -2.087575e-06 -4.223773e-05  2.638200e-06  2.238860e-05  1.584794e-05 -4.798779e-06 -1.266898e-05 -1.205365e-05  1.344833e-05
 9  3  1.410241e+09  3.241899e-05 -3.234023e-05 -4.344949e-05  1.222478e-05  1.873701e-05  2.186860e-05 -1.154906e-05 -5.150884e-06  2.671619e-06  1.077292e-05
 9  2  7.227078e+08  5.788231e-05 -6.174896e-05 -6.276399e-05  1.127504e-05  2.577989e-05  1.028160e-06 -1.171326e-05 -7.231382e-06  9.589673e-06  2.237050e-05
 9  1  2.669851e+08  3.272085e-05 -7.330259e-05 -6.633850e-05  4.876939e-06  4.132595e-05 -1.471498e-05  7.093236e-06 -1.297078e-05 -2.769039e-06 -1.727483e-05
 9  0  3.786412e+07  2.104442e-05  3.498426e-05 -3.531623e-05  3.977996e-05  8.319306e-06  9.847925e-05  4.425326e-05  2.729745e-05  5.163282e-07  1.793731e-05
Multipole Power 10  55461382  55461382
10 10  1.543634e+10  3.651502e-03  3.617234e-03  3.597766e-03  3.576575e-03  3.585204e-03  3.599162e-03  3.583869e-03  3.598954e-03  3.585460e-03  3.570954e-03
10  9  1.259779e+10  5.094270e-05  3.603045e-05  1.870731e-06 -1.011678e-05  1.289934e-05  7.177658e-06  1.910165e-05  8.397880e-06 -2.588919e-06 -4.101340e-06
10  8  1.008838e+10  4.569879e-05  2.512964e-05 -1.599670e-05 -2.828409e-06  1.552897e-06  1.068902e-05  1.120316e-05  1.956681e-06 -4.644115e-06 -1.412102e-05
10  7  7.854622e+09  7.677976e-05  2.184343e-05 -9.158494e-06  1.358750e-06 -3.210712e-06  1.234267e-05  1.609257e-05  1.057729e-05 -7.591768e-06 -7.084127e-06
10  6  5.901815e+09  4.573716e-05 -2.059017e-06 -1.183913e-05 -1.491588e-05 -1.398750e-06  1.728635e-05  1.788000e-05 -6.322862e-07 -1.163228e-05 -6.464254e-06
10  5  4.229455e+09  5.847835e-05  6.605964e-06 -2.449256e-05 -1.626786e-05 -1.106040e-05  2.465125e-05  1.558695e-05 -8.762889e-06  9.732251e-06 -8.865468e-06
10  4  2.834032e+09  4.449710e-05 -1.191935e-05 -2.747291e-05 -2.393186e-05  1.994123e-05  1.707084e-05  3.520418e-07  2.097645e-05 -3.165897e-06 -1.516258e-05
10  3  1.721921e+09  5.825343e-05  6.446877e-07 -5.581792e-05 -1.672548e-05  1.202504e-06 -2.452265e-06  1.553831e-05  8.521381e-06 -1.404252e-06  1.962024e-06
10  2  8.823125e+08  9.396568e-05  2.870908e-05 -2.242689e-05 -2.711923e-05 -7.507417e-06  7.052068e-06  1.270232e-05  5.884350e-06  1.182842e-05 -3.605444e-06
10  1  3.259027e+08  7.019268e-05  3.926572e-05 -2.345757e-05 -1.260358e-05 -8.235529e-06 -4.674231e-05 -1.811522e-05 -6.047931e-06 -6.945828e-06 -9.802047e-06
10  0  4.621792e+07  1.352208e-04 -2.634045e-05  9.140492e-05 -1.198069e-05  6.710207e-05 -6.486288e-06  3.042716e-05  4.439782e-06 -2.241253e-06 -1.181802e-05
Multipole Power 11  66521140  66521140
11 11  2.219360e+10  3.038234e-03  3.016802e-03  3.002420e-03  2.985053e-03  2.982785e-03  2.997925e-03  3.002796e-03  2.994500e-03  2.996020e-03  2.995323e-03
11 10  1.844803e+10  4.836522e-05  2.286290e-05  1.297698e-05 -3.673161e-06 -5.014319e-06  1.157705e-05  1.074546e-05  5.309164e-06  1.046553e-05 -4.392574e-06
11  9  1.510992e+10  4.459020e-05  2.777676e-05  7.334129e-06 -1.084325e-05 -2.541855e-06  7.254170e-06  2.147705e-06  1.505893e-05  1.850518e-06 -4.686038e-06
11  8  1.210014e+10  3.828890e-05  3.008476e-05 -7.632309e-06 -7.967713e-06  6.974257e-06 -1.542346e-06  1.636405e-05  1.235745e-05  4.539518e-06 -6.376752e-08
11  7  9.420877e+09  4.136480e-05  2.799205e-05 -2.304178e-05 -8.156804e-06 -3.936049e-06  3.386390e-06  8.851079e-06  1.147564e-05  5.466217e-06 -9.676805e-06
11  6  7.078554e+09  5.661640e-05  1.270762e-05 -9.508067e-06 -1.884510e-05 -3.774850e-06  5.096614e-06  1.149094e-05  1.976326e-05 -2.119771e-07 -1.036496e-05
11  5  5.072814e+09  4.599756e-05  1.963190e-05 -1.236349e-05 -2.513919e-05 -2.206798e-05 -3.975416e-06  1.830283e-05  1.316142e-05  3.463038e-06  4.179897e-06
11  4  3.399124e+09  6.276138e-05  2.033166e-05 -3.904301e-06 -1.905204e-05 -2.130433e-05 -1.154137e-06  1.054135e-05 -6.021654e-06  9.153372e-06  2.428970e-06
11  3  2.065045e+09  8.196163e-05  2.312043e-05  1.204920e-05 -2.134921e-05 -5.982469e-07 -7.971031e-06 -1.060274e-05  5.842989e-06  1.094091e-05  1.528479e-06
11  2  1.058197e+09  2.442166e-05  5.444592e-05  1.764181e-05  2.084672e-06  1.787713e-07 -7.841642e-06  7.205973e-08  4.241359e-06 -5.827254e-06 -2.280442e-06
11  1  3.908589e+08  8.856625e-05  4.059173e-06  2.567445e-05  9.245042e-06 -1.357576e-06 -5.355085e-06  2.762248e-06 -7.433182e-06  5.305124e-06 -3.094022e-06
11  0  5.541869e+07  5.165048e-06  2.141194e-05  8.981404e-06 -8.835748e-05 -5.411791e-05 -6.916221e-05 -1.054328e-05 -4.001639e-05 -2.997454e-06  4.870360e-05
Multipole Power 12  78572256  78572256
12 12  3.094860e+10  2.571284e-03  2.561142e-03  2.547478e-03  2.536245e-03  2.529747e-03  2.529886e-03  2.539751e-03  2.543797e-03  2.536466e-03  2.537892e-03
12 11  2.613523e+10  4.159937e-05  2.524786e-05  1.120948e-05  2.452410e-07 -4.565735e-06 -7.928318e-07  1.311268e-05  4.696681e-06  4.139396e-06  8.324210e-06
12 10  2.179009e+10  4.182686e-05  2.141687e-05  1.386613e-05 -4.908256e-06 -1.080274e-05  4.835247e-07  8.572495e-06  6.693473e-06  7.606610e-06  6.752691e-06
12  9  1.784696e+10  4.489561e-05  2.909111e-05  1.148364e-05 -6.244241e-06 -8.237751e-06  1.163571e-05  6.804907e-06  1.029118e-05  1.769437e-05  6.282840e-06
12  8  1.429213e+10  3.836796e-05  1.525888e-05 -8.706461e-07 -1.878470e-05 -9.395965e-06  4.269369e-06 -4.299196e-06  1.152593e-05  8.071124e-06  3.094023e-07
12  7  1.112762e+10  4.103764e-05  2.870726e-05 -3.324586e-06 -2.094954e-05 -5.085074e-07 -1.160813e-05  2.781223e-06  1.130807e-05  5.305542e-06  8.049499e-06
12  6  8.360877e+09  4.045447e-05  3.125455e-05 -1.372725e-05 -9.374268e-06 -2.207809e-05 -1.421802e-05  7.859279e-07  5.323965e-06  1.940185e-05  4.876074e-06
12  5  5.991658e+09  5.807853e-05  2.547454e-05 -8.274079e-06 -8.498833e-06 -1.647000e-05 -1.876215e-05 -1.635221e-05  8.811080e-06  3.872169e-06 -6.796278e-06
12  4  4.014823e+09  5.300687e-05  3.836840e-05  2.825789e-05 -4.564052e-06 -1.881980e-06 -1.835421e-05 -1.565669e-06 -6.264315e-06 -7.384313e-06 -2.810818e-06
12  3  2.439080e+09  5.548430e-05  2.300764e-05  3.404897e-05  2.138452e-05 -2.388905e-06  2.038750e-06  1.191609e-05 -8.854544e-06 -1.279516e-05  7.068047e-06
12  2  1.249856e+09  2.502192e-05 -7.135509e-06  2.404187e-05 -1.073038e-05 -1.692857e-05  2.461351e-05 -8.523868e-06 -7.279795e-06  3.050937e-06  4.606981e-06
12  1  4.616542e+08 -4.906066e-05  4.333043e-05 -4.741042e-06 -3.194876e-05  7.584312e-06 -3.539246e-06  9.915411e-06 -2.345163e-05 -1.017717e-06 -5.591284e-06
12  0  6.547594e+07 -4.208185e-05 -3.406122e-05 -1.524530e-07 -1.147893e-04  2.958995e-05 -6.420109e-06 -4.996775e-06 -7.629215e-05  2.144910e-06  3.000944e-05
Multipole Power 13  91667914  91667914
13 13  4.210872e+10  2.218384e-03  2.188739e-03  2.185971e-03  2.177182e-03  2.169254e-03  2.175208e-03  2.170065e-03  2.180190e-03  2.174830e-03  2.175550e-03
13 12  3.601482e+10  4.368516e-05  1.873121e-05  1.825414e-05  3.311797e-07 -1.163930e-06 -3.745200e-06  3.104352e-06  9.935446e-06  6.244986e-06  1.089300e-07
13 11  3.049147e+10  3.615285e-05  1.742102e-05  1.248334e-05 -2.385220e-06 -2.703536e-06 -7.489571e-06  4.237382e-06  5.926703e-06  3.534668e-06  4.691936e-06
13 10  2.542157e+10  3.550718e-05  2.674226e-05  1.442182e-05  7.566699e-06 -5.790122e-06 -2.397734e-06  8.371355e-06  6.487365e-06  6.627225e-06  1.422483e-05
13  9  2.082127e+10  2.526279e-05  2.172671e-05  7.013391e-06 -5.695019e-06 -1.583498e-05 -2.841976e-06  2.252753e-06 -4.958140e-08  3.662150e-06  1.191673e-05
13  8  1.667358e+10  3.537427e-05  1.380178e-05  6.931974e-06 -1.109963e-05 -1.644442e-05  2.333520e-06 -3.689309e-06 -4.306914e-07  1.158322e-05  1.202661e-05
13  7  1.298215e+10  3.548991e-05  1.771529e-05  8.905913e-06 -1.578945e-05 -1.718125e-05 -4.649974e-06 -1.145380e-05  3.567924e-06  6.377634e-06  6.165389e-06
13  6  9.754473e+09  3.113958e-05  3.576135e-05  1.169640e-05 -1.967435e-05  1.548610e-06 -1.827422e-05 -1.271393e-05 -5.083681e-06 -2.679517e-06  8.086235e-06
13  5  6.990322e+09  3.713283e-05  4.391599e-05  5.203020e-06  9.407948e-06 -5.227709e-06 -1.344631e-05 -6.196221e-06 -7.937615e-06  1.794278e-06  6.333492e-06
13  4  4.683754e+09  3.765600e-05  2.883746e-05  1.172700e-05  2.095882e-05  1.083407e-05 -2.193233e-07 -5.808120e-06  2.613990e-07  1.025572e-05 -1.626715e-06
13  3  2.845502e+09  1.719460e-05  3.673699e-06  1.087845e-05  1.100659e-05  1.425575e-05 -2.122908e-06 -9.265393e-06  1.065973e-05  5.123683e-06 -5.354036e-06
13  2  1.458078e+09  1.558103e-05  7.123055e-06  9.576431e-06  1.333812e-05 -1.024778e-05 -1.132864e-05  1.550534e-05  6.505847e-06 -1.217607e-05  9.325450e-07
13  1  5.385902e+08  1.361862e-05 -5.571199e-05 -1.124209e-05  5.917785e-05 -1.741695e-05 -2.147519e-05 -1.347055e-06 -1.583115e-05 -1.184263e-05 -1.280662e-05
13  0  7.640742e+07 -9.643940e-05 -3.880685e-06 -4.530216e-05 -2.760047e-05 -1.958961e-05 -5.006611e-05  4.356231e-06 -1.696764e-05 -1.886139e-05  8.053212e-06
Multipole Power 14 105720734 105720734
14 14  5.599275e+10  1.909588e-03  1.905850e-03  1.895057e-03  1.897552e-03  1.884480e-03  1.878328e-03  1.885427e-03  1.883735e-03  1.888965e-03  1.890799e-03
14 13  4.845859e+10  3.739764e-05  2.592751e-05  9.617830e-06  1.148749e-05 -3.685985e-06 -7.864738e-07  2.726926e-06  2.823849e-06  1.232615e-05  3.512388e-06
14 12  4.153538e+10  3.720627e-05  1.833526e-05  1.730680e-05  6.416201e-06 -8.834108e-06 -2.867689e-08 -3.655087e-06  7.693195e-06  7.460493e-06  1.872442e-06
14 11  3.516536e+10  3.698099e-05  1.879586e-05  1.877339e-05  2.920232e-09  1.386706e-07 -5.024736e-06  3.761836e-06  7.913960e-06  6.126745e-06  5.634857e-06
14 10  2.931842e+10  2.863268e-05  1.662654e-05  8.251854e-06  9.755507e-07 -9.559052e-06 -1.077793e-05 -1.085679e-06  5.616009e-06  2.157874e-06  2.659555e-06
14  9  2.401314e+10  2.868814e-05  1.910889e-05  1.301052e-05  7.885258e-07 -9.466436e-06 -1.288917e-05  1.379362e-06  1.716543e-06 -4.983588e-07  6.752781e-06
14  8  1.922984e+10  3.736192e-05  1.888830e-05  1.265752e-05 -4.836982e-06 -1.455213e-05 -9.538286e-06 -3.766809e-06 -1.019032e-05 -1.417433e-06  1.159733e-05
14  7  1.497191e+10  3.281283e-05  3.003795e-05  1.618572e-05 -7.020418e-07 -1.133115e-05 -4.513593e-06 -1.212658e-05 -1.383636e-05 -2.479331e-06  4.376055e-06
14  6  1.124955e+10  3.772575e-05  3.064408e-05  3.330289e-05  4.657464e-07  6.493568e-06  4.431679e-06 -8.336907e-06 -6.871671e-06  6.512785e-07 -3.709134e-06
14  5  8.061770e+09  1.908274e-05  3.073722e-05  1.869742e-05  2.285650e-06  1.894014e-05  6.937771e-06 -4.048716e-06  6.347203e-06 -1.595327e-06  3.372649e-06
14  4  5.401897e+09  2.657488e-06  2.693676e-05 -4.710530e-06  5.619192e-06 -1.042447e-06  6.411533e-06  8.946028e-06 -9.492571e-06  4.141129e-06  5.082512e-06
14  3  3.281747e+09  3.241640e-06  9.299582e-06 -6.919062e-06 -6.313380e-06 -2.240699e-06  1.047320e-05  1.186319e-07 -1.479840e-05 -7.937261e-06  1.146206e-05
14  2  1.681699e+09  1.824607e-05 -1.653979e-05 -1.395209e-05 -1.471315e-05  1.796023e-05  2.716225e-05  1.691577e-07 -1.060149e-05 -3.932221e-06  4.555755e-06
14  1  6.211648e+08  2.933271e-05  2.116814e-05 -2.424341e-05  1.095593e-05 -2.870260e-06  1.146618e-05 -9.581670e-06  1.852352e-06  9.216487e-06 -1.059620e-05
14  0  8.809012e+07  1.262808e-04  1.117839e-04  1.973493e-05 -1.271188e-05  2.854740e-05 -3.579458e-05  6.523894e-07 -1.722578e-05 -1.962182e-05  3.729828e-05
Multipole Power 15 120796428 120796428
15 15  7.308352e+10  1.675102e-03  1.676276e-03  1.659338e-03  1.656992e-03  1.654579e-03  1.648753e-03  1.647706e-03  1.651490e-03  1.651399e-03  1.655727e-03
15 14  6.385661e+10  2.688137e-05  2.883188e-05  1.070190e-05  9.586455e-06  4.171350e-06 -5.379052e-06  5.523545e-07  1.551976e-06  2.695250e-06  8.223752e-06
15 13  5.536843e+10  2.958812e-05  2.304949e-05  8.494595e-06  7.115038e-06 -4.158813e-07 -5.435713e-06 -6.644408e-07 -1.929076e-06  4.177927e-06  8.951858e-06
15 12  4.745827e+10  3.026926e-05  2.250262e-05  1.091851e-05  1.314908e-05 -4.619020e-06 -5.113432e-06  8.330871e-07 -1.825511e-06  1.157915e-05  6.398506e-06
15 11  4.017904e+10  2.955594e-05  1.192699e-05  1.117518e-05  3.435308e-06 -1.205699e-05 -6.913545e-06 -9.595800e-06  3.499203e-06  2.645056e-06  2.484232e-06
15 10  3.349933e+10  3.532705e-05  1.387557e-05  1.345524e-05 -2.333046e-06 -1.847403e-06 -1.134214e-05 -4.645846e-06  1.395826e-06 -7.413030e-07  1.676711e-06
15  9  2.743716e+10  2.199576e-05  1.572032e-05  9.083656e-06  3.760814e-06 -8.266948e-06 -1.492020e-05 -5.111593e-06  2.161476e-06 -2.877059e-06 -7.862893e-07
15  8  2.197212e+10  3.022627e-05  2.750509e-05  1.669076e-05  6.590709e-06 -4.050867e-06 -1.184003e-05 -2.634444e-06 -5.474077e-06 -1.613683e-05 -4.098570e-06
15  7  1.710669e+10  2.831098e-05  1.965630e-05  2.185852e-05  1.559479e-05  3.567921e-06  4.629869e-06  8.456667e-06  1.602275e-06 -9.632595e-06 -1.865279e-06
15  6  1.285365e+10  2.154671e-05  1.799758e-05  2.332749e-05  1.481690e-05  4.872552e-07  6.391263e-06  1.496609e-05 -7.274853e-06  2.379401e-07 -6.572483e-07
15  5  9.211263e+09  1.560170e-06 -3.870564e-06  1.580895e-05 -2.105839e-06 -1.205033e-06  1.544118e-05 -2.472157e-06 -2.402295e-06  1.339312e-06 -5.371288e-06
15  4  6.172099e+09 -6.028848e-06  5.560953e-06  7.081407e-06 -9.596615e-06  1.356688e-06  1.300489e-06 -4.236515e-06  3.963281e-06 -5.393605e-06 -1.091779e-05
15  3  3.749799e+09 -2.872779e-05  1.530927e-05 -2.025311e-05 -7.688647e-06 -5.123840e-06 -1.078545e-05  9.261105e-06  1.367330e-05 -3.835029e-06 -8.211999e-06
15  2  1.921468e+09  2.378171e-05 -4.546184e-06  7.655159e-06  5.886140e-06 -1.792556e-05 -5.952218e-06 -4.810054e-06  1.710284e-05  8.882353e-06 -2.957160e-06
15  1  7.097531e+08 -1.999197e-05  1.473547e-06  1.595477e-05  4.255210e-05  9.985930e-06 -1.844378e-06 -9.076926e-06  9.340467e-06 -2.133570e-06 -1.340529e-05
15  0  1.006670e+08 -6.429376e-05 -3.189009e-05 -3.192439e-06  1.649591e-05 -7.298322e-06 -4.117400e-05 -1.762072e-05  2.257348e-05  1.434807e-05 -2.606669e-05
Multipole Power 16 136902712 136902712
16 16  9.385382e+10  1.471986e-03  1.480545e-03  1.471283e-03  1.460900e-03  1.463056e-03  1.456071e-03  1.451191e-03  1.454570e-03  1.459157e-03  1.457993e-03
16 15  8.269151e+10  1.931972e-05  2.616544e-05  1.184384e-05  8.387671e-06  9.370871e-06 -7.201756e-07 -3.859194e-06  1.207665e-06  2.126319e-06  2.102500e-06
16 14  7.237110e+10  1.898394e-05  2.761857e-05  8.049559e-06  7.340718e-06  3.811476e-06 -3.790684e-06 -5.229159e-06  1.402316e-06  1.578820e-06  3.880748e-06
16 13  6.275138e+10  2.239890e-05  2.220154e-05  9.165604e-06  6.722541e-06  3.485029e-06 -5.896599e-06 -2.223407e-06  9.366364e-07  1.315338e-06  8.754619e-06
16 12  5.378603e+10  1.938528e-05  2.077484e-05  5.180751e-06  6.484938e-06 -3.203266e-06 -9.570180e-06 -6.707874e-06 -5.083667e-06  2.125367e-06  5.653695e-06
16 11  4.553639e+10  2.880880e-05  2.159296e-05  8.344712e-06  1.140636e-05 -7.674017e-06 -5.838217e-06 -3.836529e-06 -5.698287e-06  3.861305e-06  1.590028e-06
16 10  3.796539e+10  3.144990e-05  1.253033e-05  7.300285e-06  4.662928e-06 -7.317804e-06 -3.556359e-06 -1.395583e-05 -3.310203e-06 -3.005800e-07 -4.161123e-06
16  9  3.109534e+10  2.891466e-05  1.735442e-05  2.101407e-05  5.551949e-06  3.656438e-06 -7.937434e-06 -5.018937e-06 -2.763446e-06 -5.550304e-06 -1.023438e-05
16  8  2.490118e+10  1.642760e-05  2.191906e-05  1.958164e-05  1.287022e-05  6.374144e-06 -3.640626e-06  1.360351e-07  3.903591e-06 -2.442888e-06 -1.000883e-05
16  7  1.938772e+10  1.442074e-05  1.397349e-05  1.123170e-05  1.481332e-05  7.418261e-06  1.435721e-06  1.065179e-05  6.223664e-06  5.914463e-07 -3.702217e-06
16  6  1.456731e+10  8.327583e-06 -5.307207e-06  3.553925e-06  8.247917e-06 -2.475493e-06 -6.678148e-06  5.978271e-06  2.996612e-06 -1.697257e-06  2.763589e-06
16  5  1.043931e+10 -4.650663e-07  2.550344e-06  1.106451e-05  1.037265e-05 -1.488355e-05  4.503117e-06  6.631248e-06 -5.211661e-06 -6.987255e-08  2.541976e-06
16  4  6.995106e+09 -2.197625e-06 -8.112339e-06  1.498971e-05 -1.293199e-05 -1.426136e-05  3.055113e-06  9.548183e-07 -1.491705e-06  7.030286e-06  1.348303e-06
16  3  4.249864e+09 -1.307277e-05  3.426391e-06  1.873341e-05 -8.041216e-06  9.908786e-07 -3.191434e-06 -1.905567e-05 -2.922859e-06  9.432116e-06  6.787426e-06
16  2  2.177606e+09 -3.144711e-05 -9.173797e-07 -1.771472e-05  6.632720e-06  1.450501e-05  4.171273e-06 -1.434137e-06  1.242272e-07  5.451436e-06 -1.429229e-06
16  1  8.043568e+08  1.551166e-05 -2.469082e-05 -5.705336e-06  2.811104e-05  9.627853e-06 -1.393447e-05  5.044365e-06  4.854670e-06  9.865051e-06 -1.226798e-05
16  0  1.141044e+08  4.459418e-06  4.213221e-05 -1.065080e-06 -3.972699e-06 -5.183307e-06 -5.030737e-05 -2.780669e-06 -2.663491e-05  6.673879e-06  9.434113e-06
Multipole Power 17 153965230 153965230
17 17  1.186860e+11  1.307834e-03  1.315254e-03  1.310541e-03  1.300288e-03  1.298312e-03  1.299491e-03  1.291555e-03  1.288933e-03  1.296969e-03  1.297396e-03
17 16  1.053962e+11  1.845426e-05  2.128192e-05  1.948104e-05  5.036701e-06  6.419052e-06  4.051173e-06 -4.855820e-06 -1.392911e-06  5.611040e-07  2.962623e-06
17 15  9.299725e+10  1.755007e-05  2.116637e-05  1.567636e-05  4.447965e-06  6.207807e-06  4.601617e-07 -6.405318e-06 -2.012176e-06  3.620034e-07  1.957463e-06
17 14  8.139060e+10  1.266153e-05  2.248391e-05  1.229093e-05  6.229819e-06  8.200408e-06 -1.068473e-06 -4.285299e-06 -7.203028e-07  3.537471e-06  3.221960e-06
17 13  7.057111e+10  1.625018e-05  2.052063e-05  6.327567e-06  3.623930e-06  1.646237e-06 -7.333474e-06 -7.742315e-06 -3.042882e-06 -3.270538e-06  4.489479e-07
17 12  6.048956e+10  1.345052e-05  2.191937e-05  7.070696e-06  5.177376e-06  2.602040e-06 -7.967360e-06 -6.732329e-06 -4.597792e-06 -4.601835e-06  2.077303e-06
17 11  5.121179e+10  1.561237e-05  1.597737e-05  6.538694e-06  1.068666e-05 -3.300511e-07 -1.009034e-05 -4.838607e-06 -8.812883e-06 -4.668093e-06  3.175660e-06
17 10  4.269712e+10  2.147451e-05  1.540622e-05  1.266366e-05  1.726722e-05 -2.093674e-06 -2.897632e-06 -4.469817e-06 -1.036212e-05  4.276808e-08 -4.623149e-06
17  9  3.497086e+10  3.257192e-05  1.482382e-05  1.554629e-05  1.895455e-05  8.017021e-06  7.809347e-06 -4.034927e-06  8.422760e-07  8.394915e-07 -3.705964e-06
17  8  2.800416e+10  2.498496e-05  4.489108e-06  2.097707e-05  5.958541e-06  1.480258e-05  1.044791e-06  4.772234e-06  5.461549e-06  9.290933e-06 -1.057807e-06
17  7  2.180365e+10 -1.997379e-07  3.084982e-06  8.445577e-07  2.833740e-06  4.783411e-06 -5.398028e-06 -1.782672e-06  7.060239e-06  3.182738e-06 -2.967241e-06
17  6  1.638272e+10 -9.685988e-06 -3.597709e-06 -1.558571e-07  3.367999e-06  1.352774e-06 -8.779565e-06  2.861962e-06  8.412164e-06 -2.273454e-06 -1.299559e-06
17  5  1.174027e+10  1.176014e-07 -3.220882e-06  2.531622e-06  4.471691e-06 -3.375721e-06 -1.005300e-05  2.570301e-06  4.043156e-06  1.799863e-06  1.107503e-07
17  4  7.866889e+09  1.043858e-06 -5.619334e-06  1.012884e-05  1.761238e-05 -8.007174e-06 -6.656239e-06  3.389156e-06 -6.448445e-06 -1.494940e-05  1.509598e-06
17  3  4.779486e+09 -1.135591e-05 -1.690488e-05  1.811135e-05  2.595645e-06 -3.606543e-06  8.546026e-06  1.464608e-05 -2.857275e-06 -5.998816e-06  3.996471e-06
17  2  2.449097e+09 -1.343906e-05 -9.111437e-06  2.147468e-05 -1.732068e-05 -1.397207e-05  4.944927e-06  4.995239e-06  1.757214e-06  6.614159e-07  2.790857e-07
17  1  9.047355e+08 -7.872794e-05  1.231824e-05  1.115743e-05  5.448217e-06 -1.752046e-06  9.484160e-06  2.707804e-07  3.240747e-07  5.914318e-06 -1.014739e-05
17  0  1.283270e+08 -2.396808e-05  6.857903e-05  5.254200e-06 -4.512921e-05  3.146514e-06 -3.174506e-05  6.643545e-06  2.210992e-05  1.233786e-07 -1.967164e-05

# Total Time:  8.8 s
# Prologue:  0.241 s ( 2.7%)
# Epilogue:  0.001 s ( 0.0%)
# IO Time:   0.000 s ( 0.0%)
# Pairs:     8.527 s (97.2%)
